[3.913s] Invoking command in '/home/yys/cleaning_robot_ws/src/cleaning_robot_navigation': PYTHONPATH=/home/yys/cleaning_robot_ws/build/cleaning_robot_navigation/prefix_override:/usr/lib/python3/dist-packages/colcon_core/task/python/colcon_distutils_commands:/home/yys/cleaning_robot_ws/install/cleaning_robot_navigation/lib/python3.10/site-packages:${PYTHONPATH} /usr/bin/python3 -W ignore:setup.py install is deprecated -W ignore:easy_install command is deprecated setup.py egg_info --egg-base ../../build/cleaning_robot_navigation build --build-base /home/yys/cleaning_robot_ws/build/cleaning_robot_navigation/build install --record /home/yys/cleaning_robot_ws/build/cleaning_robot_navigation/install.log --single-version-externally-managed install_data
[4.612s] running egg_info
[4.614s] writing ../../build/cleaning_robot_navigation/cleaning_robot_navigation.egg-info/PKG-INFO
[4.616s] writing dependency_links to ../../build/cleaning_robot_navigation/cleaning_robot_navigation.egg-info/dependency_links.txt
[4.616s] writing entry points to ../../build/cleaning_robot_navigation/cleaning_robot_navigation.egg-info/entry_points.txt
[4.616s] writing requirements to ../../build/cleaning_robot_navigation/cleaning_robot_navigation.egg-info/requires.txt
[4.617s] writing top-level names to ../../build/cleaning_robot_navigation/cleaning_robot_navigation.egg-info/top_level.txt
[4.624s] reading manifest file '../../build/cleaning_robot_navigation/cleaning_robot_navigation.egg-info/SOURCES.txt'
[4.631s] writing manifest file '../../build/cleaning_robot_navigation/cleaning_robot_navigation.egg-info/SOURCES.txt'
[4.631s] running build
[4.631s] running build_py
[4.632s] running install
[4.633s] running install_lib
[4.639s] running install_data
[4.639s] running install_egg_info
[4.649s] removing '/home/yys/cleaning_robot_ws/install/cleaning_robot_navigation/lib/python3.10/site-packages/cleaning_robot_navigation-0.0.0-py3.10.egg-info' (and everything under it)
[4.649s] Copying ../../build/cleaning_robot_navigation/cleaning_robot_navigation.egg-info to /home/yys/cleaning_robot_ws/install/cleaning_robot_navigation/lib/python3.10/site-packages/cleaning_robot_navigation-0.0.0-py3.10.egg-info
[4.654s] running install_scripts
[4.710s] writing list of installed files to '/home/yys/cleaning_robot_ws/build/cleaning_robot_navigation/install.log'
[4.777s] Invoked command in '/home/yys/cleaning_robot_ws/src/cleaning_robot_navigation' returned '0': PYTHONPATH=/home/yys/cleaning_robot_ws/build/cleaning_robot_navigation/prefix_override:/usr/lib/python3/dist-packages/colcon_core/task/python/colcon_distutils_commands:/home/yys/cleaning_robot_ws/install/cleaning_robot_navigation/lib/python3.10/site-packages:${PYTHONPATH} /usr/bin/python3 -W ignore:setup.py install is deprecated -W ignore:easy_install command is deprecated setup.py egg_info --egg-base ../../build/cleaning_robot_navigation build --build-base /home/yys/cleaning_robot_ws/build/cleaning_robot_navigation/build install --record /home/yys/cleaning_robot_ws/build/cleaning_robot_navigation/install.log --single-version-externally-managed install_data
