[0.179s] Invoking command in '/home/yys/cleaning_robot_ws/build/lslidar_driver': CMAKE_PREFIX_PATH=/home/yys/cleaning_robot_ws/install/lslidar_msgs:/home/yys/cleaning_robot_ws/install/lslidar_driver:/home/yys/cleaning_robot_ws/install/cleaning_robot_description:/home/yys/cleaning_robot_ws/install/cleaning_robot_slam:/home/yys/cleaning_robot_ws/install/cleaning_robot_perception:/home/yys/cleaning_robot_ws/install/cleaning_robot_navigation:/home/yys/cleaning_robot_ws/install/cleaning_robot_control:/opt/ros/humble /usr/bin/cmake --build /home/yys/cleaning_robot_ws/build/lslidar_driver -- -j16 -l16
[0.262s] [35m[1mConsolidate compiler generated dependencies of target lslidar_driver_node[0m
[0.303s] [100%] Built target lslidar_driver_node
[0.317s] Invoked command in '/home/yys/cleaning_robot_ws/build/lslidar_driver' returned '0': CMAKE_PREFIX_PATH=/home/yys/cleaning_robot_ws/install/lslidar_msgs:/home/yys/cleaning_robot_ws/install/lslidar_driver:/home/yys/cleaning_robot_ws/install/cleaning_robot_description:/home/yys/cleaning_robot_ws/install/cleaning_robot_slam:/home/yys/cleaning_robot_ws/install/cleaning_robot_perception:/home/yys/cleaning_robot_ws/install/cleaning_robot_navigation:/home/yys/cleaning_robot_ws/install/cleaning_robot_control:/opt/ros/humble /usr/bin/cmake --build /home/yys/cleaning_robot_ws/build/lslidar_driver -- -j16 -l16
[0.330s] Invoking command in '/home/yys/cleaning_robot_ws/build/lslidar_driver': CMAKE_PREFIX_PATH=/home/yys/cleaning_robot_ws/install/lslidar_msgs:/home/yys/cleaning_robot_ws/install/lslidar_driver:/home/yys/cleaning_robot_ws/install/cleaning_robot_description:/home/yys/cleaning_robot_ws/install/cleaning_robot_slam:/home/yys/cleaning_robot_ws/install/cleaning_robot_perception:/home/yys/cleaning_robot_ws/install/cleaning_robot_navigation:/home/yys/cleaning_robot_ws/install/cleaning_robot_control:/opt/ros/humble /usr/bin/cmake --install /home/yys/cleaning_robot_ws/build/lslidar_driver
[0.341s] -- Install configuration: ""
[0.342s] -- Up-to-date: /home/yys/cleaning_robot_ws/install/lslidar_driver/share/lslidar_driver/launch
[0.342s] -- Up-to-date: /home/yys/cleaning_robot_ws/install/lslidar_driver/share/lslidar_driver/launch/lslidar_double_launch.py
[0.342s] -- Up-to-date: /home/yys/cleaning_robot_ws/install/lslidar_driver/share/lslidar_driver/launch/lsn10_launch.py
[0.342s] -- Up-to-date: /home/yys/cleaning_robot_ws/install/lslidar_driver/share/lslidar_driver/launch/lsm10_uart_launch.py
[0.342s] -- Up-to-date: /home/yys/cleaning_robot_ws/install/lslidar_driver/share/lslidar_driver/launch/viewer_scan_launch.py
[0.342s] -- Up-to-date: /home/yys/cleaning_robot_ws/install/lslidar_driver/share/lslidar_driver/launch/lsm10p_net_launch.py
[0.343s] -- Up-to-date: /home/yys/cleaning_robot_ws/install/lslidar_driver/share/lslidar_driver/launch/lsm10_net_launch.py
[0.343s] -- Up-to-date: /home/yys/cleaning_robot_ws/install/lslidar_driver/share/lslidar_driver/launch/lsn10_net_launch.py
[0.344s] -- Up-to-date: /home/yys/cleaning_robot_ws/install/lslidar_driver/share/lslidar_driver/launch/cleaning_robot_n10p.launch.py
[0.344s] -- Up-to-date: /home/yys/cleaning_robot_ws/install/lslidar_driver/share/lslidar_driver/launch/lsm10p_uart_launch.py
[0.344s] -- Up-to-date: /home/yys/cleaning_robot_ws/install/lslidar_driver/share/lslidar_driver/launch/lsn10p_launch.py
[0.344s] -- Up-to-date: /home/yys/cleaning_robot_ws/install/lslidar_driver/share/lslidar_driver/launch/lsn10p_net_launch.py
[0.344s] -- Up-to-date: /home/yys/cleaning_robot_ws/install/lslidar_driver/share/lslidar_driver/params
[0.344s] -- Up-to-date: /home/yys/cleaning_robot_ws/install/lslidar_driver/share/lslidar_driver/params/lidar_uart_ros2
[0.344s] -- Up-to-date: /home/yys/cleaning_robot_ws/install/lslidar_driver/share/lslidar_driver/params/lidar_uart_ros2/lsm10.yaml
[0.344s] -- Up-to-date: /home/yys/cleaning_robot_ws/install/lslidar_driver/share/lslidar_driver/params/lidar_uart_ros2/lsn10p.yaml
[0.344s] -- Up-to-date: /home/yys/cleaning_robot_ws/install/lslidar_driver/share/lslidar_driver/params/lidar_uart_ros2/lsm10_p.yaml
[0.344s] -- Up-to-date: /home/yys/cleaning_robot_ws/install/lslidar_driver/share/lslidar_driver/params/lidar_uart_ros2/cleaning_robot_n10p.yaml
[0.344s] -- Up-to-date: /home/yys/cleaning_robot_ws/install/lslidar_driver/share/lslidar_driver/params/lidar_uart_ros2/lsn10.yaml
[0.344s] -- Up-to-date: /home/yys/cleaning_robot_ws/install/lslidar_driver/share/lslidar_driver/params/lidar_net_ros2
[0.344s] -- Up-to-date: /home/yys/cleaning_robot_ws/install/lslidar_driver/share/lslidar_driver/params/lidar_net_ros2/lsn10p_net.yaml
[0.344s] -- Up-to-date: /home/yys/cleaning_robot_ws/install/lslidar_driver/share/lslidar_driver/params/lidar_net_ros2/lsm10_net.yaml
[0.344s] -- Up-to-date: /home/yys/cleaning_robot_ws/install/lslidar_driver/share/lslidar_driver/params/lidar_net_ros2/lsm10p_net.yaml
[0.344s] -- Up-to-date: /home/yys/cleaning_robot_ws/install/lslidar_driver/share/lslidar_driver/params/lidar_net_ros2/lsn10_net.yaml
[0.344s] -- Up-to-date: /home/yys/cleaning_robot_ws/install/lslidar_driver/share/lslidar_driver/rviz
[0.344s] -- Up-to-date: /home/yys/cleaning_robot_ws/install/lslidar_driver/share/lslidar_driver/rviz/lslidar.rviz
[0.346s] -- Up-to-date: /home/yys/cleaning_robot_ws/install/lslidar_driver/lib/lslidar_driver/lslidar_driver_node
[0.346s] -- Up-to-date: /home/yys/cleaning_robot_ws/install/lslidar_driver/share/ament_index/resource_index/package_run_dependencies/lslidar_driver
[0.346s] -- Up-to-date: /home/yys/cleaning_robot_ws/install/lslidar_driver/share/ament_index/resource_index/parent_prefix_path/lslidar_driver
[0.346s] -- Up-to-date: /home/yys/cleaning_robot_ws/install/lslidar_driver/share/lslidar_driver/environment/ament_prefix_path.sh
[0.346s] -- Up-to-date: /home/yys/cleaning_robot_ws/install/lslidar_driver/share/lslidar_driver/environment/ament_prefix_path.dsv
[0.346s] -- Up-to-date: /home/yys/cleaning_robot_ws/install/lslidar_driver/share/lslidar_driver/environment/path.sh
[0.347s] -- Up-to-date: /home/yys/cleaning_robot_ws/install/lslidar_driver/share/lslidar_driver/environment/path.dsv
[0.347s] -- Up-to-date: /home/yys/cleaning_robot_ws/install/lslidar_driver/share/lslidar_driver/local_setup.bash
[0.347s] -- Up-to-date: /home/yys/cleaning_robot_ws/install/lslidar_driver/share/lslidar_driver/local_setup.sh
[0.348s] -- Up-to-date: /home/yys/cleaning_robot_ws/install/lslidar_driver/share/lslidar_driver/local_setup.zsh
[0.348s] -- Up-to-date: /home/yys/cleaning_robot_ws/install/lslidar_driver/share/lslidar_driver/local_setup.dsv
[0.348s] -- Installing: /home/yys/cleaning_robot_ws/install/lslidar_driver/share/lslidar_driver/package.dsv
[0.348s] -- Up-to-date: /home/yys/cleaning_robot_ws/install/lslidar_driver/share/ament_index/resource_index/packages/lslidar_driver
[0.348s] -- Up-to-date: /home/yys/cleaning_robot_ws/install/lslidar_driver/share/lslidar_driver/cmake/ament_cmake_export_dependencies-extras.cmake
[0.348s] -- Up-to-date: /home/yys/cleaning_robot_ws/install/lslidar_driver/share/lslidar_driver/cmake/ament_cmake_export_include_directories-extras.cmake
[0.348s] -- Up-to-date: /home/yys/cleaning_robot_ws/install/lslidar_driver/share/lslidar_driver/cmake/lslidar_driverConfig.cmake
[0.348s] -- Up-to-date: /home/yys/cleaning_robot_ws/install/lslidar_driver/share/lslidar_driver/cmake/lslidar_driverConfig-version.cmake
[0.348s] -- Up-to-date: /home/yys/cleaning_robot_ws/install/lslidar_driver/share/lslidar_driver/package.xml
[0.350s] Invoked command in '/home/yys/cleaning_robot_ws/build/lslidar_driver' returned '0': CMAKE_PREFIX_PATH=/home/yys/cleaning_robot_ws/install/lslidar_msgs:/home/yys/cleaning_robot_ws/install/lslidar_driver:/home/yys/cleaning_robot_ws/install/cleaning_robot_description:/home/yys/cleaning_robot_ws/install/cleaning_robot_slam:/home/yys/cleaning_robot_ws/install/cleaning_robot_perception:/home/yys/cleaning_robot_ws/install/cleaning_robot_navigation:/home/yys/cleaning_robot_ws/install/cleaning_robot_control:/opt/ros/humble /usr/bin/cmake --install /home/yys/cleaning_robot_ws/build/lslidar_driver
