[3.917s] Invoking command in '/home/yys/cleaning_robot_ws/src/cleaning_robot_perception': PYTHONPATH=/home/yys/cleaning_robot_ws/build/cleaning_robot_perception/prefix_override:/usr/lib/python3/dist-packages/colcon_core/task/python/colcon_distutils_commands:/home/yys/cleaning_robot_ws/install/cleaning_robot_perception/lib/python3.10/site-packages:${PYTHONPATH} /usr/bin/python3 -W ignore:setup.py install is deprecated -W ignore:easy_install command is deprecated setup.py egg_info --egg-base ../../build/cleaning_robot_perception build --build-base /home/yys/cleaning_robot_ws/build/cleaning_robot_perception/build install --record /home/yys/cleaning_robot_ws/build/cleaning_robot_perception/install.log --single-version-externally-managed install_data
[4.622s] running egg_info
[4.633s] writing ../../build/cleaning_robot_perception/cleaning_robot_perception.egg-info/PKG-INFO
[4.633s] writing dependency_links to ../../build/cleaning_robot_perception/cleaning_robot_perception.egg-info/dependency_links.txt
[4.633s] writing entry points to ../../build/cleaning_robot_perception/cleaning_robot_perception.egg-info/entry_points.txt
[4.634s] writing requirements to ../../build/cleaning_robot_perception/cleaning_robot_perception.egg-info/requires.txt
[4.634s] writing top-level names to ../../build/cleaning_robot_perception/cleaning_robot_perception.egg-info/top_level.txt
[4.639s] reading manifest file '../../build/cleaning_robot_perception/cleaning_robot_perception.egg-info/SOURCES.txt'
[4.650s] writing manifest file '../../build/cleaning_robot_perception/cleaning_robot_perception.egg-info/SOURCES.txt'
[4.650s] running build
[4.650s] running build_py
[4.651s] running install
[4.651s] running install_lib
[4.652s] running install_data
[4.652s] running install_egg_info
[4.655s] removing '/home/yys/cleaning_robot_ws/install/cleaning_robot_perception/lib/python3.10/site-packages/cleaning_robot_perception-0.0.0-py3.10.egg-info' (and everything under it)
[4.656s] Copying ../../build/cleaning_robot_perception/cleaning_robot_perception.egg-info to /home/yys/cleaning_robot_ws/install/cleaning_robot_perception/lib/python3.10/site-packages/cleaning_robot_perception-0.0.0-py3.10.egg-info
[4.658s] running install_scripts
[4.719s] Installing stereo_processor script to /home/yys/cleaning_robot_ws/install/cleaning_robot_perception/lib/cleaning_robot_perception
[4.720s] writing list of installed files to '/home/yys/cleaning_robot_ws/build/cleaning_robot_perception/install.log'
[4.816s] Invoked command in '/home/yys/cleaning_robot_ws/src/cleaning_robot_perception' returned '0': PYTHONPATH=/home/yys/cleaning_robot_ws/build/cleaning_robot_perception/prefix_override:/usr/lib/python3/dist-packages/colcon_core/task/python/colcon_distutils_commands:/home/yys/cleaning_robot_ws/install/cleaning_robot_perception/lib/python3.10/site-packages:${PYTHONPATH} /usr/bin/python3 -W ignore:setup.py install is deprecated -W ignore:easy_install command is deprecated setup.py egg_info --egg-base ../../build/cleaning_robot_perception build --build-base /home/yys/cleaning_robot_ws/build/cleaning_robot_perception/build install --record /home/yys/cleaning_robot_ws/build/cleaning_robot_perception/install.log --single-version-externally-managed install_data
