[0.846s] Invoking command in '/home/yys/cleaning_robot_ws/build/cleaning_robot_description': /usr/bin/cmake --build /home/yys/cleaning_robot_ws/build/cleaning_robot_description -- -j16 -l16
[2.384s] Invoked command in '/home/yys/cleaning_robot_ws/build/cleaning_robot_description' returned '0': /usr/bin/cmake --build /home/yys/cleaning_robot_ws/build/cleaning_robot_description -- -j16 -l16
[2.406s] Invoking command in '/home/yys/cleaning_robot_ws/build/cleaning_robot_description': /usr/bin/cmake --install /home/yys/cleaning_robot_ws/build/cleaning_robot_description
[2.424s] -- Install configuration: ""
[2.426s] -- Up-to-date: /home/yys/cleaning_robot_ws/install/cleaning_robot_description/share/cleaning_robot_description//launch
[2.430s] -- Up-to-date: /home/yys/cleaning_robot_ws/install/cleaning_robot_description/share/cleaning_robot_description//launch/robot_state_publisher.launch.py
[2.431s] -- Up-to-date: /home/yys/cleaning_robot_ws/install/cleaning_robot_description/share/cleaning_robot_description//launch/gazebo.launch.py
[2.432s] -- Up-to-date: /home/yys/cleaning_robot_ws/install/cleaning_robot_description/share/cleaning_robot_description//launch/cleaning_robot_complete.launch.py
[2.433s] -- Up-to-date: /home/yys/cleaning_robot_ws/install/cleaning_robot_description/share/cleaning_robot_description//urdf
[2.434s] -- Up-to-date: /home/yys/cleaning_robot_ws/install/cleaning_robot_description/share/cleaning_robot_description//urdf/cleaning_robot.urdf.xacro
[2.435s] -- Up-to-date: /home/yys/cleaning_robot_ws/install/cleaning_robot_description/share/cleaning_robot_description//config
[2.435s] -- Up-to-date: /home/yys/cleaning_robot_ws/install/cleaning_robot_description/share/cleaning_robot_description//config/cleaning_robot.rviz
[2.436s] -- Up-to-date: /home/yys/cleaning_robot_ws/install/cleaning_robot_description/share/cleaning_robot_description//meshes
[2.436s] -- Up-to-date: /home/yys/cleaning_robot_ws/install/cleaning_robot_description/share/ament_index/resource_index/package_run_dependencies/cleaning_robot_description
[2.437s] -- Up-to-date: /home/yys/cleaning_robot_ws/install/cleaning_robot_description/share/ament_index/resource_index/parent_prefix_path/cleaning_robot_description
[2.437s] -- Up-to-date: /home/yys/cleaning_robot_ws/install/cleaning_robot_description/share/cleaning_robot_description/environment/ament_prefix_path.sh
[2.438s] -- Up-to-date: /home/yys/cleaning_robot_ws/install/cleaning_robot_description/share/cleaning_robot_description/environment/ament_prefix_path.dsv
[2.438s] -- Up-to-date: /home/yys/cleaning_robot_ws/install/cleaning_robot_description/share/cleaning_robot_description/environment/path.sh
[2.438s] -- Up-to-date: /home/yys/cleaning_robot_ws/install/cleaning_robot_description/share/cleaning_robot_description/environment/path.dsv
[2.439s] -- Up-to-date: /home/yys/cleaning_robot_ws/install/cleaning_robot_description/share/cleaning_robot_description/local_setup.bash
[2.439s] -- Up-to-date: /home/yys/cleaning_robot_ws/install/cleaning_robot_description/share/cleaning_robot_description/local_setup.sh
[2.439s] -- Up-to-date: /home/yys/cleaning_robot_ws/install/cleaning_robot_description/share/cleaning_robot_description/local_setup.zsh
[2.446s] -- Up-to-date: /home/yys/cleaning_robot_ws/install/cleaning_robot_description/share/cleaning_robot_description/local_setup.dsv
[2.447s] -- Up-to-date: /home/yys/cleaning_robot_ws/install/cleaning_robot_description/share/cleaning_robot_description/package.dsv
[2.447s] -- Up-to-date: /home/yys/cleaning_robot_ws/install/cleaning_robot_description/share/ament_index/resource_index/packages/cleaning_robot_description
[2.448s] -- Up-to-date: /home/yys/cleaning_robot_ws/install/cleaning_robot_description/share/cleaning_robot_description/cmake/cleaning_robot_descriptionConfig.cmake
[2.448s] -- Up-to-date: /home/yys/cleaning_robot_ws/install/cleaning_robot_description/share/cleaning_robot_description/cmake/cleaning_robot_descriptionConfig-version.cmake
[2.448s] -- Up-to-date: /home/yys/cleaning_robot_ws/install/cleaning_robot_description/share/cleaning_robot_description/package.xml
[2.476s] Invoked command in '/home/yys/cleaning_robot_ws/build/cleaning_robot_description' returned '0': /usr/bin/cmake --install /home/yys/cleaning_robot_ws/build/cleaning_robot_description
