[3.906s] Invoking command in '/home/yys/cleaning_robot_ws/src/cleaning_robot_slam': PYTHONPATH=/home/yys/cleaning_robot_ws/build/cleaning_robot_slam/prefix_override:/usr/lib/python3/dist-packages/colcon_core/task/python/colcon_distutils_commands:/home/yys/cleaning_robot_ws/install/cleaning_robot_slam/lib/python3.10/site-packages:${PYTHONPATH} /usr/bin/python3 -W ignore:setup.py install is deprecated -W ignore:easy_install command is deprecated setup.py egg_info --egg-base ../../build/cleaning_robot_slam build --build-base /home/yys/cleaning_robot_ws/build/cleaning_robot_slam/build install --record /home/yys/cleaning_robot_ws/build/cleaning_robot_slam/install.log --single-version-externally-managed install_data
[4.574s] running egg_info
[4.588s] writing ../../build/cleaning_robot_slam/cleaning_robot_slam.egg-info/PKG-INFO
[4.589s] writing dependency_links to ../../build/cleaning_robot_slam/cleaning_robot_slam.egg-info/dependency_links.txt
[4.594s] writing entry points to ../../build/cleaning_robot_slam/cleaning_robot_slam.egg-info/entry_points.txt
[4.594s] writing requirements to ../../build/cleaning_robot_slam/cleaning_robot_slam.egg-info/requires.txt
[4.594s] writing top-level names to ../../build/cleaning_robot_slam/cleaning_robot_slam.egg-info/top_level.txt
[4.606s] reading manifest file '../../build/cleaning_robot_slam/cleaning_robot_slam.egg-info/SOURCES.txt'
[4.607s] writing manifest file '../../build/cleaning_robot_slam/cleaning_robot_slam.egg-info/SOURCES.txt'
[4.610s] running build
[4.610s] running build_py
[4.610s] running install
[4.614s] running install_lib
[4.615s] running install_data
[4.615s] running install_egg_info
[4.629s] removing '/home/yys/cleaning_robot_ws/install/cleaning_robot_slam/lib/python3.10/site-packages/cleaning_robot_slam-0.0.0-py3.10.egg-info' (and everything under it)
[4.630s] Copying ../../build/cleaning_robot_slam/cleaning_robot_slam.egg-info to /home/yys/cleaning_robot_ws/install/cleaning_robot_slam/lib/python3.10/site-packages/cleaning_robot_slam-0.0.0-py3.10.egg-info
[4.631s] running install_scripts
[4.691s] Installing multi_sensor_slam script to /home/yys/cleaning_robot_ws/install/cleaning_robot_slam/lib/cleaning_robot_slam
[4.693s] writing list of installed files to '/home/yys/cleaning_robot_ws/build/cleaning_robot_slam/install.log'
[4.772s] Invoked command in '/home/yys/cleaning_robot_ws/src/cleaning_robot_slam' returned '0': PYTHONPATH=/home/yys/cleaning_robot_ws/build/cleaning_robot_slam/prefix_override:/usr/lib/python3/dist-packages/colcon_core/task/python/colcon_distutils_commands:/home/yys/cleaning_robot_ws/install/cleaning_robot_slam/lib/python3.10/site-packages:${PYTHONPATH} /usr/bin/python3 -W ignore:setup.py install is deprecated -W ignore:easy_install command is deprecated setup.py egg_info --egg-base ../../build/cleaning_robot_slam build --build-base /home/yys/cleaning_robot_ws/build/cleaning_robot_slam/build install --record /home/yys/cleaning_robot_ws/build/cleaning_robot_slam/install.log --single-version-externally-managed install_data
