[0.257s] DEBUG:colcon:Command line arguments: ['/usr/bin/colcon', 'build', '--packages-select', 'cleaning_robot_description']
[0.257s] DEBUG:colcon:Parsed command line arguments: Namespace(log_base=None, log_level=None, verb_name='build', build_base='build', install_base='install', merge_install=False, symlink_install=False, test_result_base=None, continue_on_error=False, executor='parallel', parallel_workers=16, event_handlers=None, ignore_user_meta=False, metas=['./colcon.meta'], base_paths=['.'], packages_ignore=None, packages_ignore_regex=None, paths=None, packages_up_to=None, packages_up_to_regex=None, packages_above=None, packages_above_and_dependencies=None, packages_above_depth=None, packages_select_by_dep=None, packages_skip_by_dep=None, packages_skip_up_to=None, packages_select_build_failed=False, packages_skip_build_finished=False, packages_select_test_failures=False, packages_skip_test_passed=False, packages_select=['cleaning_robot_description'], packages_skip=None, packages_select_regex=None, packages_skip_regex=None, packages_start=None, packages_end=None, allow_overriding=[], cmake_args=None, cmake_target=None, cmake_target_skip_unavailable=False, cmake_clean_cache=False, cmake_clean_first=False, cmake_force_configure=False, ament_cmake_args=None, catkin_cmake_args=None, catkin_skip_building_tests=False, verb_parser=<colcon_defaults.argument_parser.defaults.DefaultArgumentsDecorator object at 0x730d56b64790>, verb_extension=<colcon_core.verb.build.BuildVerb object at 0x730d56b64220>, main=<bound method BuildVerb.main of <colcon_core.verb.build.BuildVerb object at 0x730d56b64220>>)
[0.430s] Level 1:colcon.colcon_core.package_discovery:discover_packages(colcon_meta) check parameters
[0.430s] Level 1:colcon.colcon_core.package_discovery:discover_packages(recursive) check parameters
[0.430s] Level 1:colcon.colcon_core.package_discovery:discover_packages(ignore) check parameters
[0.430s] Level 1:colcon.colcon_core.package_discovery:discover_packages(path) check parameters
[0.430s] Level 1:colcon.colcon_core.package_discovery:discover_packages(colcon_meta) discover
[0.430s] Level 1:colcon.colcon_core.package_discovery:discover_packages(recursive) discover
[0.430s] INFO:colcon.colcon_core.package_discovery:Crawling recursively for packages in '/home/yys/cleaning_robot_ws'
[0.430s] Level 1:colcon.colcon_core.package_identification:_identify(.) by extensions ['ignore', 'ignore_ament_install']
[0.430s] Level 1:colcon.colcon_core.package_identification:_identify(.) by extension 'ignore'
[0.430s] Level 1:colcon.colcon_core.package_identification:_identify(.) by extension 'ignore_ament_install'
[0.430s] Level 1:colcon.colcon_core.package_identification:_identify(.) by extensions ['colcon_pkg']
[0.430s] Level 1:colcon.colcon_core.package_identification:_identify(.) by extension 'colcon_pkg'
[0.430s] Level 1:colcon.colcon_core.package_identification:_identify(.) by extensions ['colcon_meta']
[0.430s] Level 1:colcon.colcon_core.package_identification:_identify(.) by extension 'colcon_meta'
[0.430s] Level 1:colcon.colcon_core.package_identification:_identify(.) by extensions ['ros']
[0.430s] Level 1:colcon.colcon_core.package_identification:_identify(.) by extension 'ros'
[0.442s] Level 1:colcon.colcon_core.package_identification:_identify(.) by extensions ['cmake', 'python']
[0.442s] Level 1:colcon.colcon_core.package_identification:_identify(.) by extension 'cmake'
[0.442s] Level 1:colcon.colcon_core.package_identification:_identify(.) by extension 'python'
[0.442s] Level 1:colcon.colcon_core.package_identification:_identify(.) by extensions ['python_setup_py']
[0.442s] Level 1:colcon.colcon_core.package_identification:_identify(.) by extension 'python_setup_py'
[0.442s] Level 1:colcon.colcon_core.package_identification:_identify(build) by extensions ['ignore', 'ignore_ament_install']
[0.442s] Level 1:colcon.colcon_core.package_identification:_identify(build) by extension 'ignore'
[0.443s] Level 1:colcon.colcon_core.package_identification:_identify(build) ignored
[0.443s] Level 1:colcon.colcon_core.package_identification:_identify(install) by extensions ['ignore', 'ignore_ament_install']
[0.443s] Level 1:colcon.colcon_core.package_identification:_identify(install) by extension 'ignore'
[0.443s] Level 1:colcon.colcon_core.package_identification:_identify(install) ignored
[0.443s] Level 1:colcon.colcon_core.package_identification:_identify(log) by extensions ['ignore', 'ignore_ament_install']
[0.443s] Level 1:colcon.colcon_core.package_identification:_identify(log) by extension 'ignore'
[0.443s] Level 1:colcon.colcon_core.package_identification:_identify(log) ignored
[0.444s] Level 1:colcon.colcon_core.package_identification:_identify(src) by extensions ['ignore', 'ignore_ament_install']
[0.444s] Level 1:colcon.colcon_core.package_identification:_identify(src) by extension 'ignore'
[0.444s] Level 1:colcon.colcon_core.package_identification:_identify(src) by extension 'ignore_ament_install'
[0.444s] Level 1:colcon.colcon_core.package_identification:_identify(src) by extensions ['colcon_pkg']
[0.444s] Level 1:colcon.colcon_core.package_identification:_identify(src) by extension 'colcon_pkg'
[0.444s] Level 1:colcon.colcon_core.package_identification:_identify(src) by extensions ['colcon_meta']
[0.444s] Level 1:colcon.colcon_core.package_identification:_identify(src) by extension 'colcon_meta'
[0.444s] Level 1:colcon.colcon_core.package_identification:_identify(src) by extensions ['ros']
[0.444s] Level 1:colcon.colcon_core.package_identification:_identify(src) by extension 'ros'
[0.444s] Level 1:colcon.colcon_core.package_identification:_identify(src) by extensions ['cmake', 'python']
[0.444s] Level 1:colcon.colcon_core.package_identification:_identify(src) by extension 'cmake'
[0.444s] Level 1:colcon.colcon_core.package_identification:_identify(src) by extension 'python'
[0.444s] Level 1:colcon.colcon_core.package_identification:_identify(src) by extensions ['python_setup_py']
[0.444s] Level 1:colcon.colcon_core.package_identification:_identify(src) by extension 'python_setup_py'
[0.444s] Level 1:colcon.colcon_core.package_identification:_identify(src/build) by extensions ['ignore', 'ignore_ament_install']
[0.445s] Level 1:colcon.colcon_core.package_identification:_identify(src/build) by extension 'ignore'
[0.445s] Level 1:colcon.colcon_core.package_identification:_identify(src/build) ignored
[0.445s] Level 1:colcon.colcon_core.package_identification:_identify(src/cleaning_robot_control) by extensions ['ignore', 'ignore_ament_install']
[0.445s] Level 1:colcon.colcon_core.package_identification:_identify(src/cleaning_robot_control) by extension 'ignore'
[0.445s] Level 1:colcon.colcon_core.package_identification:_identify(src/cleaning_robot_control) by extension 'ignore_ament_install'
[0.445s] Level 1:colcon.colcon_core.package_identification:_identify(src/cleaning_robot_control) by extensions ['colcon_pkg']
[0.445s] Level 1:colcon.colcon_core.package_identification:_identify(src/cleaning_robot_control) by extension 'colcon_pkg'
[0.445s] Level 1:colcon.colcon_core.package_identification:_identify(src/cleaning_robot_control) by extensions ['colcon_meta']
[0.445s] Level 1:colcon.colcon_core.package_identification:_identify(src/cleaning_robot_control) by extension 'colcon_meta'
[0.445s] Level 1:colcon.colcon_core.package_identification:_identify(src/cleaning_robot_control) by extensions ['ros']
[0.445s] Level 1:colcon.colcon_core.package_identification:_identify(src/cleaning_robot_control) by extension 'ros'
[0.448s] DEBUG:colcon.colcon_core.package_identification:Package 'src/cleaning_robot_control' with type 'ros.ament_python' and name 'cleaning_robot_control'
[0.448s] Level 1:colcon.colcon_core.package_identification:_identify(src/cleaning_robot_description) by extensions ['ignore', 'ignore_ament_install']
[0.449s] Level 1:colcon.colcon_core.package_identification:_identify(src/cleaning_robot_description) by extension 'ignore'
[0.449s] Level 1:colcon.colcon_core.package_identification:_identify(src/cleaning_robot_description) by extension 'ignore_ament_install'
[0.449s] Level 1:colcon.colcon_core.package_identification:_identify(src/cleaning_robot_description) by extensions ['colcon_pkg']
[0.449s] Level 1:colcon.colcon_core.package_identification:_identify(src/cleaning_robot_description) by extension 'colcon_pkg'
[0.449s] Level 1:colcon.colcon_core.package_identification:_identify(src/cleaning_robot_description) by extensions ['colcon_meta']
[0.449s] Level 1:colcon.colcon_core.package_identification:_identify(src/cleaning_robot_description) by extension 'colcon_meta'
[0.449s] Level 1:colcon.colcon_core.package_identification:_identify(src/cleaning_robot_description) by extensions ['ros']
[0.449s] Level 1:colcon.colcon_core.package_identification:_identify(src/cleaning_robot_description) by extension 'ros'
[0.449s] DEBUG:colcon.colcon_core.package_identification:Package 'src/cleaning_robot_description' with type 'ros.ament_cmake' and name 'cleaning_robot_description'
[0.450s] Level 1:colcon.colcon_core.package_identification:_identify(src/cleaning_robot_msgs) by extensions ['ignore', 'ignore_ament_install']
[0.450s] Level 1:colcon.colcon_core.package_identification:_identify(src/cleaning_robot_msgs) by extension 'ignore'
[0.450s] Level 1:colcon.colcon_core.package_identification:_identify(src/cleaning_robot_msgs) by extension 'ignore_ament_install'
[0.450s] Level 1:colcon.colcon_core.package_identification:_identify(src/cleaning_robot_msgs) by extensions ['colcon_pkg']
[0.450s] Level 1:colcon.colcon_core.package_identification:_identify(src/cleaning_robot_msgs) by extension 'colcon_pkg'
[0.450s] Level 1:colcon.colcon_core.package_identification:_identify(src/cleaning_robot_msgs) by extensions ['colcon_meta']
[0.450s] Level 1:colcon.colcon_core.package_identification:_identify(src/cleaning_robot_msgs) by extension 'colcon_meta'
[0.450s] Level 1:colcon.colcon_core.package_identification:_identify(src/cleaning_robot_msgs) by extensions ['ros']
[0.450s] Level 1:colcon.colcon_core.package_identification:_identify(src/cleaning_robot_msgs) by extension 'ros'
[0.450s] Level 1:colcon.colcon_core.package_identification:_identify(src/cleaning_robot_msgs) by extensions ['cmake', 'python']
[0.450s] Level 1:colcon.colcon_core.package_identification:_identify(src/cleaning_robot_msgs) by extension 'cmake'
[0.450s] Level 1:colcon.colcon_core.package_identification:_identify(src/cleaning_robot_msgs) by extension 'python'
[0.450s] Level 1:colcon.colcon_core.package_identification:_identify(src/cleaning_robot_msgs) by extensions ['python_setup_py']
[0.450s] Level 1:colcon.colcon_core.package_identification:_identify(src/cleaning_robot_msgs) by extension 'python_setup_py'
[0.450s] Level 1:colcon.colcon_core.package_identification:_identify(src/cleaning_robot_msgs/action) by extensions ['ignore', 'ignore_ament_install']
[0.450s] Level 1:colcon.colcon_core.package_identification:_identify(src/cleaning_robot_msgs/action) by extension 'ignore'
[0.450s] Level 1:colcon.colcon_core.package_identification:_identify(src/cleaning_robot_msgs/action) by extension 'ignore_ament_install'
[0.450s] Level 1:colcon.colcon_core.package_identification:_identify(src/cleaning_robot_msgs/action) by extensions ['colcon_pkg']
[0.450s] Level 1:colcon.colcon_core.package_identification:_identify(src/cleaning_robot_msgs/action) by extension 'colcon_pkg'
[0.450s] Level 1:colcon.colcon_core.package_identification:_identify(src/cleaning_robot_msgs/action) by extensions ['colcon_meta']
[0.450s] Level 1:colcon.colcon_core.package_identification:_identify(src/cleaning_robot_msgs/action) by extension 'colcon_meta'
[0.450s] Level 1:colcon.colcon_core.package_identification:_identify(src/cleaning_robot_msgs/action) by extensions ['ros']
[0.450s] Level 1:colcon.colcon_core.package_identification:_identify(src/cleaning_robot_msgs/action) by extension 'ros'
[0.450s] Level 1:colcon.colcon_core.package_identification:_identify(src/cleaning_robot_msgs/action) by extensions ['cmake', 'python']
[0.450s] Level 1:colcon.colcon_core.package_identification:_identify(src/cleaning_robot_msgs/action) by extension 'cmake'
[0.450s] Level 1:colcon.colcon_core.package_identification:_identify(src/cleaning_robot_msgs/action) by extension 'python'
[0.450s] Level 1:colcon.colcon_core.package_identification:_identify(src/cleaning_robot_msgs/action) by extensions ['python_setup_py']
[0.451s] Level 1:colcon.colcon_core.package_identification:_identify(src/cleaning_robot_msgs/action) by extension 'python_setup_py'
[0.451s] Level 1:colcon.colcon_core.package_identification:_identify(src/cleaning_robot_msgs/include) by extensions ['ignore', 'ignore_ament_install']
[0.451s] Level 1:colcon.colcon_core.package_identification:_identify(src/cleaning_robot_msgs/include) by extension 'ignore'
[0.451s] Level 1:colcon.colcon_core.package_identification:_identify(src/cleaning_robot_msgs/include) by extension 'ignore_ament_install'
[0.451s] Level 1:colcon.colcon_core.package_identification:_identify(src/cleaning_robot_msgs/include) by extensions ['colcon_pkg']
[0.451s] Level 1:colcon.colcon_core.package_identification:_identify(src/cleaning_robot_msgs/include) by extension 'colcon_pkg'
[0.451s] Level 1:colcon.colcon_core.package_identification:_identify(src/cleaning_robot_msgs/include) by extensions ['colcon_meta']
[0.451s] Level 1:colcon.colcon_core.package_identification:_identify(src/cleaning_robot_msgs/include) by extension 'colcon_meta'
[0.451s] Level 1:colcon.colcon_core.package_identification:_identify(src/cleaning_robot_msgs/include) by extensions ['ros']
[0.451s] Level 1:colcon.colcon_core.package_identification:_identify(src/cleaning_robot_msgs/include) by extension 'ros'
[0.451s] Level 1:colcon.colcon_core.package_identification:_identify(src/cleaning_robot_msgs/include) by extensions ['cmake', 'python']
[0.451s] Level 1:colcon.colcon_core.package_identification:_identify(src/cleaning_robot_msgs/include) by extension 'cmake'
[0.451s] Level 1:colcon.colcon_core.package_identification:_identify(src/cleaning_robot_msgs/include) by extension 'python'
[0.451s] Level 1:colcon.colcon_core.package_identification:_identify(src/cleaning_robot_msgs/include) by extensions ['python_setup_py']
[0.451s] Level 1:colcon.colcon_core.package_identification:_identify(src/cleaning_robot_msgs/include) by extension 'python_setup_py'
[0.451s] Level 1:colcon.colcon_core.package_identification:_identify(src/cleaning_robot_msgs/msg) by extensions ['ignore', 'ignore_ament_install']
[0.451s] Level 1:colcon.colcon_core.package_identification:_identify(src/cleaning_robot_msgs/msg) by extension 'ignore'
[0.451s] Level 1:colcon.colcon_core.package_identification:_identify(src/cleaning_robot_msgs/msg) by extension 'ignore_ament_install'
[0.451s] Level 1:colcon.colcon_core.package_identification:_identify(src/cleaning_robot_msgs/msg) by extensions ['colcon_pkg']
[0.451s] Level 1:colcon.colcon_core.package_identification:_identify(src/cleaning_robot_msgs/msg) by extension 'colcon_pkg'
[0.451s] Level 1:colcon.colcon_core.package_identification:_identify(src/cleaning_robot_msgs/msg) by extensions ['colcon_meta']
[0.451s] Level 1:colcon.colcon_core.package_identification:_identify(src/cleaning_robot_msgs/msg) by extension 'colcon_meta'
[0.451s] Level 1:colcon.colcon_core.package_identification:_identify(src/cleaning_robot_msgs/msg) by extensions ['ros']
[0.451s] Level 1:colcon.colcon_core.package_identification:_identify(src/cleaning_robot_msgs/msg) by extension 'ros'
[0.452s] Level 1:colcon.colcon_core.package_identification:_identify(src/cleaning_robot_msgs/msg) by extensions ['cmake', 'python']
[0.452s] Level 1:colcon.colcon_core.package_identification:_identify(src/cleaning_robot_msgs/msg) by extension 'cmake'
[0.452s] Level 1:colcon.colcon_core.package_identification:_identify(src/cleaning_robot_msgs/msg) by extension 'python'
[0.452s] Level 1:colcon.colcon_core.package_identification:_identify(src/cleaning_robot_msgs/msg) by extensions ['python_setup_py']
[0.452s] Level 1:colcon.colcon_core.package_identification:_identify(src/cleaning_robot_msgs/msg) by extension 'python_setup_py'
[0.452s] Level 1:colcon.colcon_core.package_identification:_identify(src/cleaning_robot_msgs/src) by extensions ['ignore', 'ignore_ament_install']
[0.452s] Level 1:colcon.colcon_core.package_identification:_identify(src/cleaning_robot_msgs/src) by extension 'ignore'
[0.452s] Level 1:colcon.colcon_core.package_identification:_identify(src/cleaning_robot_msgs/src) by extension 'ignore_ament_install'
[0.452s] Level 1:colcon.colcon_core.package_identification:_identify(src/cleaning_robot_msgs/src) by extensions ['colcon_pkg']
[0.452s] Level 1:colcon.colcon_core.package_identification:_identify(src/cleaning_robot_msgs/src) by extension 'colcon_pkg'
[0.452s] Level 1:colcon.colcon_core.package_identification:_identify(src/cleaning_robot_msgs/src) by extensions ['colcon_meta']
[0.452s] Level 1:colcon.colcon_core.package_identification:_identify(src/cleaning_robot_msgs/src) by extension 'colcon_meta'
[0.452s] Level 1:colcon.colcon_core.package_identification:_identify(src/cleaning_robot_msgs/src) by extensions ['ros']
[0.452s] Level 1:colcon.colcon_core.package_identification:_identify(src/cleaning_robot_msgs/src) by extension 'ros'
[0.452s] Level 1:colcon.colcon_core.package_identification:_identify(src/cleaning_robot_msgs/src) by extensions ['cmake', 'python']
[0.452s] Level 1:colcon.colcon_core.package_identification:_identify(src/cleaning_robot_msgs/src) by extension 'cmake'
[0.452s] Level 1:colcon.colcon_core.package_identification:_identify(src/cleaning_robot_msgs/src) by extension 'python'
[0.452s] Level 1:colcon.colcon_core.package_identification:_identify(src/cleaning_robot_msgs/src) by extensions ['python_setup_py']
[0.452s] Level 1:colcon.colcon_core.package_identification:_identify(src/cleaning_robot_msgs/src) by extension 'python_setup_py'
[0.452s] Level 1:colcon.colcon_core.package_identification:_identify(src/cleaning_robot_msgs/srv) by extensions ['ignore', 'ignore_ament_install']
[0.452s] Level 1:colcon.colcon_core.package_identification:_identify(src/cleaning_robot_msgs/srv) by extension 'ignore'
[0.452s] Level 1:colcon.colcon_core.package_identification:_identify(src/cleaning_robot_msgs/srv) by extension 'ignore_ament_install'
[0.452s] Level 1:colcon.colcon_core.package_identification:_identify(src/cleaning_robot_msgs/srv) by extensions ['colcon_pkg']
[0.452s] Level 1:colcon.colcon_core.package_identification:_identify(src/cleaning_robot_msgs/srv) by extension 'colcon_pkg'
[0.452s] Level 1:colcon.colcon_core.package_identification:_identify(src/cleaning_robot_msgs/srv) by extensions ['colcon_meta']
[0.452s] Level 1:colcon.colcon_core.package_identification:_identify(src/cleaning_robot_msgs/srv) by extension 'colcon_meta'
[0.452s] Level 1:colcon.colcon_core.package_identification:_identify(src/cleaning_robot_msgs/srv) by extensions ['ros']
[0.453s] Level 1:colcon.colcon_core.package_identification:_identify(src/cleaning_robot_msgs/srv) by extension 'ros'
[0.453s] Level 1:colcon.colcon_core.package_identification:_identify(src/cleaning_robot_msgs/srv) by extensions ['cmake', 'python']
[0.453s] Level 1:colcon.colcon_core.package_identification:_identify(src/cleaning_robot_msgs/srv) by extension 'cmake'
[0.453s] Level 1:colcon.colcon_core.package_identification:_identify(src/cleaning_robot_msgs/srv) by extension 'python'
[0.453s] Level 1:colcon.colcon_core.package_identification:_identify(src/cleaning_robot_msgs/srv) by extensions ['python_setup_py']
[0.453s] Level 1:colcon.colcon_core.package_identification:_identify(src/cleaning_robot_msgs/srv) by extension 'python_setup_py'
[0.453s] Level 1:colcon.colcon_core.package_identification:_identify(src/cleaning_robot_navigation) by extensions ['ignore', 'ignore_ament_install']
[0.453s] Level 1:colcon.colcon_core.package_identification:_identify(src/cleaning_robot_navigation) by extension 'ignore'
[0.453s] Level 1:colcon.colcon_core.package_identification:_identify(src/cleaning_robot_navigation) by extension 'ignore_ament_install'
[0.453s] Level 1:colcon.colcon_core.package_identification:_identify(src/cleaning_robot_navigation) by extensions ['colcon_pkg']
[0.453s] Level 1:colcon.colcon_core.package_identification:_identify(src/cleaning_robot_navigation) by extension 'colcon_pkg'
[0.453s] Level 1:colcon.colcon_core.package_identification:_identify(src/cleaning_robot_navigation) by extensions ['colcon_meta']
[0.453s] Level 1:colcon.colcon_core.package_identification:_identify(src/cleaning_robot_navigation) by extension 'colcon_meta'
[0.453s] Level 1:colcon.colcon_core.package_identification:_identify(src/cleaning_robot_navigation) by extensions ['ros']
[0.453s] Level 1:colcon.colcon_core.package_identification:_identify(src/cleaning_robot_navigation) by extension 'ros'
[0.454s] DEBUG:colcon.colcon_core.package_identification:Package 'src/cleaning_robot_navigation' with type 'ros.ament_python' and name 'cleaning_robot_navigation'
[0.454s] Level 1:colcon.colcon_core.package_identification:_identify(src/cleaning_robot_perception) by extensions ['ignore', 'ignore_ament_install']
[0.454s] Level 1:colcon.colcon_core.package_identification:_identify(src/cleaning_robot_perception) by extension 'ignore'
[0.454s] Level 1:colcon.colcon_core.package_identification:_identify(src/cleaning_robot_perception) by extension 'ignore_ament_install'
[0.454s] Level 1:colcon.colcon_core.package_identification:_identify(src/cleaning_robot_perception) by extensions ['colcon_pkg']
[0.454s] Level 1:colcon.colcon_core.package_identification:_identify(src/cleaning_robot_perception) by extension 'colcon_pkg'
[0.454s] Level 1:colcon.colcon_core.package_identification:_identify(src/cleaning_robot_perception) by extensions ['colcon_meta']
[0.454s] Level 1:colcon.colcon_core.package_identification:_identify(src/cleaning_robot_perception) by extension 'colcon_meta'
[0.454s] Level 1:colcon.colcon_core.package_identification:_identify(src/cleaning_robot_perception) by extensions ['ros']
[0.454s] Level 1:colcon.colcon_core.package_identification:_identify(src/cleaning_robot_perception) by extension 'ros'
[0.455s] DEBUG:colcon.colcon_core.package_identification:Package 'src/cleaning_robot_perception' with type 'ros.ament_python' and name 'cleaning_robot_perception'
[0.455s] Level 1:colcon.colcon_core.package_identification:_identify(src/cleaning_robot_slam) by extensions ['ignore', 'ignore_ament_install']
[0.455s] Level 1:colcon.colcon_core.package_identification:_identify(src/cleaning_robot_slam) by extension 'ignore'
[0.456s] Level 1:colcon.colcon_core.package_identification:_identify(src/cleaning_robot_slam) by extension 'ignore_ament_install'
[0.456s] Level 1:colcon.colcon_core.package_identification:_identify(src/cleaning_robot_slam) by extensions ['colcon_pkg']
[0.456s] Level 1:colcon.colcon_core.package_identification:_identify(src/cleaning_robot_slam) by extension 'colcon_pkg'
[0.456s] Level 1:colcon.colcon_core.package_identification:_identify(src/cleaning_robot_slam) by extensions ['colcon_meta']
[0.456s] Level 1:colcon.colcon_core.package_identification:_identify(src/cleaning_robot_slam) by extension 'colcon_meta'
[0.456s] Level 1:colcon.colcon_core.package_identification:_identify(src/cleaning_robot_slam) by extensions ['ros']
[0.456s] Level 1:colcon.colcon_core.package_identification:_identify(src/cleaning_robot_slam) by extension 'ros'
[0.456s] DEBUG:colcon.colcon_core.package_identification:Package 'src/cleaning_robot_slam' with type 'ros.ament_python' and name 'cleaning_robot_slam'
[0.457s] Level 1:colcon.colcon_core.package_identification:_identify(src/install) by extensions ['ignore', 'ignore_ament_install']
[0.457s] Level 1:colcon.colcon_core.package_identification:_identify(src/install) by extension 'ignore'
[0.457s] Level 1:colcon.colcon_core.package_identification:_identify(src/install) ignored
[0.457s] Level 1:colcon.colcon_core.package_identification:_identify(src/log) by extensions ['ignore', 'ignore_ament_install']
[0.457s] Level 1:colcon.colcon_core.package_identification:_identify(src/log) by extension 'ignore'
[0.457s] Level 1:colcon.colcon_core.package_identification:_identify(src/log) ignored
[0.457s] Level 1:colcon.colcon_core.package_identification:_identify(src/lslidar_driver) by extensions ['ignore', 'ignore_ament_install']
[0.457s] Level 1:colcon.colcon_core.package_identification:_identify(src/lslidar_driver) by extension 'ignore'
[0.457s] Level 1:colcon.colcon_core.package_identification:_identify(src/lslidar_driver) by extension 'ignore_ament_install'
[0.458s] Level 1:colcon.colcon_core.package_identification:_identify(src/lslidar_driver) by extensions ['colcon_pkg']
[0.458s] Level 1:colcon.colcon_core.package_identification:_identify(src/lslidar_driver) by extension 'colcon_pkg'
[0.458s] Level 1:colcon.colcon_core.package_identification:_identify(src/lslidar_driver) by extensions ['colcon_meta']
[0.458s] Level 1:colcon.colcon_core.package_identification:_identify(src/lslidar_driver) by extension 'colcon_meta'
[0.458s] Level 1:colcon.colcon_core.package_identification:_identify(src/lslidar_driver) by extensions ['ros']
[0.458s] Level 1:colcon.colcon_core.package_identification:_identify(src/lslidar_driver) by extension 'ros'
[0.458s] DEBUG:colcon.colcon_core.package_identification:Package 'src/lslidar_driver' with type 'ros.ament_cmake' and name 'lslidar_driver'
[0.458s] Level 1:colcon.colcon_core.package_identification:_identify(src/lslidar_msgs) by extensions ['ignore', 'ignore_ament_install']
[0.459s] Level 1:colcon.colcon_core.package_identification:_identify(src/lslidar_msgs) by extension 'ignore'
[0.459s] Level 1:colcon.colcon_core.package_identification:_identify(src/lslidar_msgs) by extension 'ignore_ament_install'
[0.459s] Level 1:colcon.colcon_core.package_identification:_identify(src/lslidar_msgs) by extensions ['colcon_pkg']
[0.459s] Level 1:colcon.colcon_core.package_identification:_identify(src/lslidar_msgs) by extension 'colcon_pkg'
[0.459s] Level 1:colcon.colcon_core.package_identification:_identify(src/lslidar_msgs) by extensions ['colcon_meta']
[0.459s] Level 1:colcon.colcon_core.package_identification:_identify(src/lslidar_msgs) by extension 'colcon_meta'
[0.459s] Level 1:colcon.colcon_core.package_identification:_identify(src/lslidar_msgs) by extensions ['ros']
[0.459s] Level 1:colcon.colcon_core.package_identification:_identify(src/lslidar_msgs) by extension 'ros'
[0.459s] DEBUG:colcon.colcon_core.package_identification:Package 'src/lslidar_msgs' with type 'ros.ament_cmake' and name 'lslidar_msgs'
[0.459s] Level 1:colcon.colcon_core.package_discovery:discover_packages(recursive) using defaults
[0.459s] Level 1:colcon.colcon_core.package_discovery:discover_packages(ignore) discover
[0.459s] Level 1:colcon.colcon_core.package_discovery:discover_packages(ignore) using defaults
[0.459s] Level 1:colcon.colcon_core.package_discovery:discover_packages(path) discover
[0.459s] Level 1:colcon.colcon_core.package_discovery:discover_packages(path) using defaults
[0.484s] INFO:colcon.colcon_core.package_selection:Skipping not selected package 'cleaning_robot_control' in 'src/cleaning_robot_control'
[0.484s] INFO:colcon.colcon_core.package_selection:Skipping not selected package 'cleaning_robot_navigation' in 'src/cleaning_robot_navigation'
[0.484s] INFO:colcon.colcon_core.package_selection:Skipping not selected package 'cleaning_robot_perception' in 'src/cleaning_robot_perception'
[0.484s] INFO:colcon.colcon_core.package_selection:Skipping not selected package 'cleaning_robot_slam' in 'src/cleaning_robot_slam'
[0.484s] INFO:colcon.colcon_core.package_selection:Skipping not selected package 'lslidar_msgs' in 'src/lslidar_msgs'
[0.484s] INFO:colcon.colcon_core.package_selection:Skipping not selected package 'lslidar_driver' in 'src/lslidar_driver'
[0.485s] Level 1:colcon.colcon_core.package_discovery:discover_packages(prefix_path) check parameters
[0.485s] Level 1:colcon.colcon_core.package_discovery:discover_packages(prefix_path) discover
[0.488s] DEBUG:colcon.colcon_installed_package_information.package_discovery:Found 5 installed packages in /home/yys/cleaning_robot_ws/install
[0.489s] DEBUG:colcon.colcon_installed_package_information.package_discovery:Found 285 installed packages in /opt/ros/humble
[0.499s] Level 1:colcon.colcon_core.package_discovery:discover_packages(prefix_path) using defaults
[0.523s] Level 5:colcon.colcon_core.verb:set package 'cleaning_robot_description' build argument 'cmake_args' from command line to 'None'
[0.523s] Level 5:colcon.colcon_core.verb:set package 'cleaning_robot_description' build argument 'cmake_target' from command line to 'None'
[0.523s] Level 5:colcon.colcon_core.verb:set package 'cleaning_robot_description' build argument 'cmake_target_skip_unavailable' from command line to 'False'
[0.523s] Level 5:colcon.colcon_core.verb:set package 'cleaning_robot_description' build argument 'cmake_clean_cache' from command line to 'False'
[0.523s] Level 5:colcon.colcon_core.verb:set package 'cleaning_robot_description' build argument 'cmake_clean_first' from command line to 'False'
[0.523s] Level 5:colcon.colcon_core.verb:set package 'cleaning_robot_description' build argument 'cmake_force_configure' from command line to 'False'
[0.523s] Level 5:colcon.colcon_core.verb:set package 'cleaning_robot_description' build argument 'ament_cmake_args' from command line to 'None'
[0.523s] Level 5:colcon.colcon_core.verb:set package 'cleaning_robot_description' build argument 'catkin_cmake_args' from command line to 'None'
[0.523s] Level 5:colcon.colcon_core.verb:set package 'cleaning_robot_description' build argument 'catkin_skip_building_tests' from command line to 'False'
[0.523s] DEBUG:colcon.colcon_core.verb:Building package 'cleaning_robot_description' with the following arguments: {'ament_cmake_args': None, 'build_base': '/home/yys/cleaning_robot_ws/build/cleaning_robot_description', 'catkin_cmake_args': None, 'catkin_skip_building_tests': False, 'cmake_args': None, 'cmake_clean_cache': False, 'cmake_clean_first': False, 'cmake_force_configure': False, 'cmake_target': None, 'cmake_target_skip_unavailable': False, 'install_base': '/home/yys/cleaning_robot_ws/install/cleaning_robot_description', 'merge_install': False, 'path': '/home/yys/cleaning_robot_ws/src/cleaning_robot_description', 'symlink_install': False, 'test_result_base': None}
[0.523s] INFO:colcon.colcon_core.executor:Executing jobs using 'parallel' executor
[0.524s] DEBUG:colcon.colcon_parallel_executor.executor.parallel:run_until_complete
[0.524s] INFO:colcon.colcon_ros.task.ament_cmake.build:Building ROS package in '/home/yys/cleaning_robot_ws/src/cleaning_robot_description' with build type 'ament_cmake'
[0.524s] INFO:colcon.colcon_cmake.task.cmake.build:Building CMake package in '/home/yys/cleaning_robot_ws/src/cleaning_robot_description'
[0.529s] INFO:colcon.colcon_core.plugin_system:Skipping extension 'colcon_core.shell.bat': Not used on non-Windows systems
[0.529s] INFO:colcon.colcon_core.shell:Skip shell extension 'powershell' for command environment: Not usable outside of PowerShell
[0.529s] DEBUG:colcon.colcon_core.shell:Skip shell extension 'dsv' for command environment
[0.536s] DEBUG:colcon.colcon_core.event_handler.log_command:Invoking command in '/home/yys/cleaning_robot_ws/build/cleaning_robot_description': CMAKE_PREFIX_PATH=${CMAKE_PREFIX_PATH}:/home/yys/cleaning_robot_ws/install/cleaning_robot_slam:/home/yys/cleaning_robot_ws/install/cleaning_robot_perception:/home/yys/cleaning_robot_ws/install/cleaning_robot_navigation:/home/yys/cleaning_robot_ws/install/cleaning_robot_control:/opt/ros/humble /usr/bin/cmake /home/yys/cleaning_robot_ws/src/cleaning_robot_description -DCMAKE_INSTALL_PREFIX=/home/yys/cleaning_robot_ws/install/cleaning_robot_description
[0.771s] DEBUG:colcon.colcon_core.event_handler.log_command:Invoked command in '/home/yys/cleaning_robot_ws/build/cleaning_robot_description' returned '0': CMAKE_PREFIX_PATH=${CMAKE_PREFIX_PATH}:/home/yys/cleaning_robot_ws/install/cleaning_robot_slam:/home/yys/cleaning_robot_ws/install/cleaning_robot_perception:/home/yys/cleaning_robot_ws/install/cleaning_robot_navigation:/home/yys/cleaning_robot_ws/install/cleaning_robot_control:/opt/ros/humble /usr/bin/cmake /home/yys/cleaning_robot_ws/src/cleaning_robot_description -DCMAKE_INSTALL_PREFIX=/home/yys/cleaning_robot_ws/install/cleaning_robot_description
[0.773s] DEBUG:colcon.colcon_core.event_handler.log_command:Invoking command in '/home/yys/cleaning_robot_ws/build/cleaning_robot_description': CMAKE_PREFIX_PATH=${CMAKE_PREFIX_PATH}:/home/yys/cleaning_robot_ws/install/cleaning_robot_slam:/home/yys/cleaning_robot_ws/install/cleaning_robot_perception:/home/yys/cleaning_robot_ws/install/cleaning_robot_navigation:/home/yys/cleaning_robot_ws/install/cleaning_robot_control:/opt/ros/humble /usr/bin/cmake --build /home/yys/cleaning_robot_ws/build/cleaning_robot_description -- -j16 -l16
[0.798s] DEBUG:colcon.colcon_core.event_handler.log_command:Invoked command in '/home/yys/cleaning_robot_ws/build/cleaning_robot_description' returned '0': CMAKE_PREFIX_PATH=${CMAKE_PREFIX_PATH}:/home/yys/cleaning_robot_ws/install/cleaning_robot_slam:/home/yys/cleaning_robot_ws/install/cleaning_robot_perception:/home/yys/cleaning_robot_ws/install/cleaning_robot_navigation:/home/yys/cleaning_robot_ws/install/cleaning_robot_control:/opt/ros/humble /usr/bin/cmake --build /home/yys/cleaning_robot_ws/build/cleaning_robot_description -- -j16 -l16
[0.804s] DEBUG:colcon.colcon_core.event_handler.log_command:Invoking command in '/home/yys/cleaning_robot_ws/build/cleaning_robot_description': CMAKE_PREFIX_PATH=${CMAKE_PREFIX_PATH}:/home/yys/cleaning_robot_ws/install/cleaning_robot_slam:/home/yys/cleaning_robot_ws/install/cleaning_robot_perception:/home/yys/cleaning_robot_ws/install/cleaning_robot_navigation:/home/yys/cleaning_robot_ws/install/cleaning_robot_control:/opt/ros/humble /usr/bin/cmake --install /home/yys/cleaning_robot_ws/build/cleaning_robot_description
[0.933s] Level 1:colcon.colcon_core.environment:create_environment_scripts_only(cleaning_robot_description)
[0.933s] DEBUG:colcon.colcon_core.event_handler.log_command:Invoked command in '/home/yys/cleaning_robot_ws/build/cleaning_robot_description' returned '0': CMAKE_PREFIX_PATH=${CMAKE_PREFIX_PATH}:/home/yys/cleaning_robot_ws/install/cleaning_robot_slam:/home/yys/cleaning_robot_ws/install/cleaning_robot_perception:/home/yys/cleaning_robot_ws/install/cleaning_robot_navigation:/home/yys/cleaning_robot_ws/install/cleaning_robot_control:/opt/ros/humble /usr/bin/cmake --install /home/yys/cleaning_robot_ws/build/cleaning_robot_description
[0.938s] Level 1:colcon.colcon_core.environment:checking '/home/yys/cleaning_robot_ws/install/cleaning_robot_description' for CMake module files
[0.939s] Level 1:colcon.colcon_core.environment:checking '/home/yys/cleaning_robot_ws/install/cleaning_robot_description' for CMake config files
[0.939s] Level 1:colcon.colcon_core.shell:create_environment_hook('cleaning_robot_description', 'cmake_prefix_path')
[0.939s] INFO:colcon.colcon_core.shell:Creating environment hook '/home/yys/cleaning_robot_ws/install/cleaning_robot_description/share/cleaning_robot_description/hook/cmake_prefix_path.ps1'
[0.940s] INFO:colcon.colcon_core.shell:Creating environment descriptor '/home/yys/cleaning_robot_ws/install/cleaning_robot_description/share/cleaning_robot_description/hook/cmake_prefix_path.dsv'
[0.941s] INFO:colcon.colcon_core.shell:Creating environment hook '/home/yys/cleaning_robot_ws/install/cleaning_robot_description/share/cleaning_robot_description/hook/cmake_prefix_path.sh'
[0.941s] Level 1:colcon.colcon_core.environment:checking '/home/yys/cleaning_robot_ws/install/cleaning_robot_description/bin'
[0.941s] Level 1:colcon.colcon_core.environment:checking '/home/yys/cleaning_robot_ws/install/cleaning_robot_description/lib/pkgconfig/cleaning_robot_description.pc'
[0.942s] Level 1:colcon.colcon_core.environment:checking '/home/yys/cleaning_robot_ws/install/cleaning_robot_description/lib/python3.10/site-packages'
[0.942s] Level 1:colcon.colcon_core.environment:checking '/home/yys/cleaning_robot_ws/install/cleaning_robot_description/bin'
[0.942s] INFO:colcon.colcon_core.shell:Creating package script '/home/yys/cleaning_robot_ws/install/cleaning_robot_description/share/cleaning_robot_description/package.ps1'
[0.943s] INFO:colcon.colcon_core.shell:Creating package descriptor '/home/yys/cleaning_robot_ws/install/cleaning_robot_description/share/cleaning_robot_description/package.dsv'
[0.943s] INFO:colcon.colcon_core.shell:Creating package script '/home/yys/cleaning_robot_ws/install/cleaning_robot_description/share/cleaning_robot_description/package.sh'
[0.944s] INFO:colcon.colcon_core.shell:Creating package script '/home/yys/cleaning_robot_ws/install/cleaning_robot_description/share/cleaning_robot_description/package.bash'
[0.945s] INFO:colcon.colcon_core.shell:Creating package script '/home/yys/cleaning_robot_ws/install/cleaning_robot_description/share/cleaning_robot_description/package.zsh'
[0.945s] Level 1:colcon.colcon_core.environment:create_file_with_runtime_dependencies(/home/yys/cleaning_robot_ws/install/cleaning_robot_description/share/colcon-core/packages/cleaning_robot_description)
[0.946s] Level 1:colcon.colcon_core.environment:create_environment_scripts_only(cleaning_robot_description)
[0.946s] Level 1:colcon.colcon_core.environment:checking '/home/yys/cleaning_robot_ws/install/cleaning_robot_description' for CMake module files
[0.946s] Level 1:colcon.colcon_core.environment:checking '/home/yys/cleaning_robot_ws/install/cleaning_robot_description' for CMake config files
[0.946s] Level 1:colcon.colcon_core.shell:create_environment_hook('cleaning_robot_description', 'cmake_prefix_path')
[0.946s] INFO:colcon.colcon_core.shell:Creating environment hook '/home/yys/cleaning_robot_ws/install/cleaning_robot_description/share/cleaning_robot_description/hook/cmake_prefix_path.ps1'
[0.947s] INFO:colcon.colcon_core.shell:Creating environment descriptor '/home/yys/cleaning_robot_ws/install/cleaning_robot_description/share/cleaning_robot_description/hook/cmake_prefix_path.dsv'
[0.947s] INFO:colcon.colcon_core.shell:Creating environment hook '/home/yys/cleaning_robot_ws/install/cleaning_robot_description/share/cleaning_robot_description/hook/cmake_prefix_path.sh'
[0.947s] Level 1:colcon.colcon_core.environment:checking '/home/yys/cleaning_robot_ws/install/cleaning_robot_description/bin'
[0.947s] Level 1:colcon.colcon_core.environment:checking '/home/yys/cleaning_robot_ws/install/cleaning_robot_description/lib/pkgconfig/cleaning_robot_description.pc'
[0.947s] Level 1:colcon.colcon_core.environment:checking '/home/yys/cleaning_robot_ws/install/cleaning_robot_description/lib/python3.10/site-packages'
[0.947s] Level 1:colcon.colcon_core.environment:checking '/home/yys/cleaning_robot_ws/install/cleaning_robot_description/bin'
[0.948s] INFO:colcon.colcon_core.shell:Creating package script '/home/yys/cleaning_robot_ws/install/cleaning_robot_description/share/cleaning_robot_description/package.ps1'
[0.948s] INFO:colcon.colcon_core.shell:Creating package descriptor '/home/yys/cleaning_robot_ws/install/cleaning_robot_description/share/cleaning_robot_description/package.dsv'
[0.948s] INFO:colcon.colcon_core.shell:Creating package script '/home/yys/cleaning_robot_ws/install/cleaning_robot_description/share/cleaning_robot_description/package.sh'
[0.949s] INFO:colcon.colcon_core.shell:Creating package script '/home/yys/cleaning_robot_ws/install/cleaning_robot_description/share/cleaning_robot_description/package.bash'
[0.949s] INFO:colcon.colcon_core.shell:Creating package script '/home/yys/cleaning_robot_ws/install/cleaning_robot_description/share/cleaning_robot_description/package.zsh'
[0.949s] Level 1:colcon.colcon_core.environment:create_file_with_runtime_dependencies(/home/yys/cleaning_robot_ws/install/cleaning_robot_description/share/colcon-core/packages/cleaning_robot_description)
[0.949s] DEBUG:colcon.colcon_parallel_executor.executor.parallel:closing loop
[0.950s] DEBUG:colcon.colcon_parallel_executor.executor.parallel:loop closed
[0.950s] DEBUG:colcon.colcon_parallel_executor.executor.parallel:run_until_complete finished with '0'
[0.950s] DEBUG:colcon.colcon_core.event_reactor:joining thread
[0.986s] INFO:colcon.colcon_core.plugin_system:Skipping extension 'colcon_notification.desktop_notification.notify_send': Could not find 'notify-send'
[0.986s] INFO:colcon.colcon_core.plugin_system:Skipping extension 'colcon_notification.desktop_notification.terminal_notifier': Not used on non-Darwin systems
[0.987s] INFO:colcon.colcon_core.plugin_system:Skipping extension 'colcon_notification.desktop_notification.win32': Not used on non-Windows systems
[0.987s] INFO:colcon.colcon_notification.desktop_notification:Sending desktop notification using 'notify2'
[0.987s] DEBUG:colcon.colcon_notification.desktop_notification.notify2:Failed to initialize notify2: org.freedesktop.DBus.Error.FileNotFound: Failed to connect to socket /run/user/1000/bus: No such file or directory
[0.987s] DEBUG:colcon.colcon_core.event_reactor:joined thread
[0.987s] INFO:colcon.colcon_core.shell:Creating prefix script '/home/yys/cleaning_robot_ws/install/local_setup.ps1'
[0.988s] INFO:colcon.colcon_core.shell:Creating prefix util module '/home/yys/cleaning_robot_ws/install/_local_setup_util_ps1.py'
[0.989s] INFO:colcon.colcon_core.shell:Creating prefix chain script '/home/yys/cleaning_robot_ws/install/setup.ps1'
[0.990s] INFO:colcon.colcon_core.shell:Creating prefix script '/home/yys/cleaning_robot_ws/install/local_setup.sh'
[0.991s] INFO:colcon.colcon_core.shell:Creating prefix util module '/home/yys/cleaning_robot_ws/install/_local_setup_util_sh.py'
[0.991s] INFO:colcon.colcon_core.shell:Creating prefix chain script '/home/yys/cleaning_robot_ws/install/setup.sh'
[0.992s] INFO:colcon.colcon_core.shell:Creating prefix script '/home/yys/cleaning_robot_ws/install/local_setup.bash'
[0.992s] INFO:colcon.colcon_core.shell:Creating prefix chain script '/home/yys/cleaning_robot_ws/install/setup.bash'
[0.994s] INFO:colcon.colcon_core.shell:Creating prefix script '/home/yys/cleaning_robot_ws/install/local_setup.zsh'
[0.994s] INFO:colcon.colcon_core.shell:Creating prefix chain script '/home/yys/cleaning_robot_ws/install/setup.zsh'
