[3.338s] Invoking command in '/home/yys/cleaning_robot_ws/src/cleaning_robot_navigation': PYTHONPATH=/home/yys/cleaning_robot_ws/build/cleaning_robot_navigation/prefix_override:/usr/lib/python3/dist-packages/colcon_core/task/python/colcon_distutils_commands:/home/yys/cleaning_robot_ws/install/cleaning_robot_navigation/lib/python3.10/site-packages: /usr/bin/python3 -W ignore:setup.py install is deprecated -W ignore:easy_install command is deprecated setup.py egg_info --egg-base ../../build/cleaning_robot_navigation build --build-base /home/yys/cleaning_robot_ws/build/cleaning_robot_navigation/build install --record /home/yys/cleaning_robot_ws/build/cleaning_robot_navigation/install.log --single-version-externally-managed install_data
[3.903s] running egg_info
[3.905s] writing ../../build/cleaning_robot_navigation/cleaning_robot_navigation.egg-info/PKG-INFO
[3.906s] writing dependency_links to ../../build/cleaning_robot_navigation/cleaning_robot_navigation.egg-info/dependency_links.txt
[3.907s] writing entry points to ../../build/cleaning_robot_navigation/cleaning_robot_navigation.egg-info/entry_points.txt
[3.907s] writing requirements to ../../build/cleaning_robot_navigation/cleaning_robot_navigation.egg-info/requires.txt
[3.908s] writing top-level names to ../../build/cleaning_robot_navigation/cleaning_robot_navigation.egg-info/top_level.txt
[3.912s] reading manifest file '../../build/cleaning_robot_navigation/cleaning_robot_navigation.egg-info/SOURCES.txt'
[3.915s] writing manifest file '../../build/cleaning_robot_navigation/cleaning_robot_navigation.egg-info/SOURCES.txt'
[3.916s] running build
[3.916s] running build_py
[3.918s] running install
[3.918s] running install_lib
[3.921s] running install_data
[3.921s] running install_egg_info
[3.929s] removing '/home/yys/cleaning_robot_ws/install/cleaning_robot_navigation/lib/python3.10/site-packages/cleaning_robot_navigation-0.0.0-py3.10.egg-info' (and everything under it)
[3.930s] Copying ../../build/cleaning_robot_navigation/cleaning_robot_navigation.egg-info to /home/yys/cleaning_robot_ws/install/cleaning_robot_navigation/lib/python3.10/site-packages/cleaning_robot_navigation-0.0.0-py3.10.egg-info
[3.934s] running install_scripts
[4.002s] writing list of installed files to '/home/yys/cleaning_robot_ws/build/cleaning_robot_navigation/install.log'
[4.062s] Invoked command in '/home/yys/cleaning_robot_ws/src/cleaning_robot_navigation' returned '0': PYTHONPATH=/home/yys/cleaning_robot_ws/build/cleaning_robot_navigation/prefix_override:/usr/lib/python3/dist-packages/colcon_core/task/python/colcon_distutils_commands:/home/yys/cleaning_robot_ws/install/cleaning_robot_navigation/lib/python3.10/site-packages: /usr/bin/python3 -W ignore:setup.py install is deprecated -W ignore:easy_install command is deprecated setup.py egg_info --egg-base ../../build/cleaning_robot_navigation build --build-base /home/yys/cleaning_robot_ws/build/cleaning_robot_navigation/build install --record /home/yys/cleaning_robot_ws/build/cleaning_robot_navigation/install.log --single-version-externally-managed install_data
