[4.306s] Invoking command in '/home/yys/cleaning_robot_ws/src/cleaning_robot_navigation': PYTHONPATH=/home/yys/cleaning_robot_ws/build/cleaning_robot_navigation/prefix_override:/usr/lib/python3/dist-packages/colcon_core/task/python/colcon_distutils_commands:/home/yys/cleaning_robot_ws/install/cleaning_robot_navigation/lib/python3.10/site-packages:${PYTHONPATH} /usr/bin/python3 -W ignore:setup.py install is deprecated -W ignore:easy_install command is deprecated setup.py egg_info --egg-base ../../build/cleaning_robot_navigation build --build-base /home/yys/cleaning_robot_ws/build/cleaning_robot_navigation/build install --record /home/yys/cleaning_robot_ws/build/cleaning_robot_navigation/install.log --single-version-externally-managed install_data
[4.875s] running egg_info
[4.876s] creating ../../build/cleaning_robot_navigation/cleaning_robot_navigation.egg-info
[4.876s] writing ../../build/cleaning_robot_navigation/cleaning_robot_navigation.egg-info/PKG-INFO
[4.878s] writing dependency_links to ../../build/cleaning_robot_navigation/cleaning_robot_navigation.egg-info/dependency_links.txt
[4.878s] writing entry points to ../../build/cleaning_robot_navigation/cleaning_robot_navigation.egg-info/entry_points.txt
[4.879s] writing requirements to ../../build/cleaning_robot_navigation/cleaning_robot_navigation.egg-info/requires.txt
[4.883s] writing top-level names to ../../build/cleaning_robot_navigation/cleaning_robot_navigation.egg-info/top_level.txt
[4.884s] writing manifest file '../../build/cleaning_robot_navigation/cleaning_robot_navigation.egg-info/SOURCES.txt'
[4.884s] reading manifest file '../../build/cleaning_robot_navigation/cleaning_robot_navigation.egg-info/SOURCES.txt'
[4.885s] writing manifest file '../../build/cleaning_robot_navigation/cleaning_robot_navigation.egg-info/SOURCES.txt'
[4.886s] running build
[4.886s] running build_py
[4.887s] creating /home/yys/cleaning_robot_ws/build/cleaning_robot_navigation/build
[4.887s] creating /home/yys/cleaning_robot_ws/build/cleaning_robot_navigation/build/lib
[4.887s] creating /home/yys/cleaning_robot_ws/build/cleaning_robot_navigation/build/lib/cleaning_robot_navigation
[4.888s] copying cleaning_robot_navigation/__init__.py -> /home/yys/cleaning_robot_ws/build/cleaning_robot_navigation/build/lib/cleaning_robot_navigation
[4.888s] running install
[4.888s] running install_lib
[4.889s] creating /home/yys/cleaning_robot_ws/install/cleaning_robot_navigation/lib/python3.10/site-packages/cleaning_robot_navigation
[4.889s] copying /home/yys/cleaning_robot_ws/build/cleaning_robot_navigation/build/lib/cleaning_robot_navigation/__init__.py -> /home/yys/cleaning_robot_ws/install/cleaning_robot_navigation/lib/python3.10/site-packages/cleaning_robot_navigation
[4.890s] byte-compiling /home/yys/cleaning_robot_ws/install/cleaning_robot_navigation/lib/python3.10/site-packages/cleaning_robot_navigation/__init__.py to __init__.cpython-310.pyc
[4.891s] running install_data
[4.892s] creating /home/yys/cleaning_robot_ws/install/cleaning_robot_navigation/share/ament_index
[4.892s] creating /home/yys/cleaning_robot_ws/install/cleaning_robot_navigation/share/ament_index/resource_index
[4.893s] creating /home/yys/cleaning_robot_ws/install/cleaning_robot_navigation/share/ament_index/resource_index/packages
[4.893s] copying resource/cleaning_robot_navigation -> /home/yys/cleaning_robot_ws/install/cleaning_robot_navigation/share/ament_index/resource_index/packages
[4.894s] copying package.xml -> /home/yys/cleaning_robot_ws/install/cleaning_robot_navigation/share/cleaning_robot_navigation
[4.894s] running install_egg_info
[4.898s] Copying ../../build/cleaning_robot_navigation/cleaning_robot_navigation.egg-info to /home/yys/cleaning_robot_ws/install/cleaning_robot_navigation/lib/python3.10/site-packages/cleaning_robot_navigation-0.0.0-py3.10.egg-info
[4.900s] running install_scripts
[4.961s] writing list of installed files to '/home/yys/cleaning_robot_ws/build/cleaning_robot_navigation/install.log'
[5.025s] Invoked command in '/home/yys/cleaning_robot_ws/src/cleaning_robot_navigation' returned '0': PYTHONPATH=/home/yys/cleaning_robot_ws/build/cleaning_robot_navigation/prefix_override:/usr/lib/python3/dist-packages/colcon_core/task/python/colcon_distutils_commands:/home/yys/cleaning_robot_ws/install/cleaning_robot_navigation/lib/python3.10/site-packages:${PYTHONPATH} /usr/bin/python3 -W ignore:setup.py install is deprecated -W ignore:easy_install command is deprecated setup.py egg_info --egg-base ../../build/cleaning_robot_navigation build --build-base /home/yys/cleaning_robot_ws/build/cleaning_robot_navigation/build install --record /home/yys/cleaning_robot_ws/build/cleaning_robot_navigation/install.log --single-version-externally-managed install_data
