running egg_info
creating ../../build/cleaning_robot_perception/cleaning_robot_perception.egg-info
writing ../../build/cleaning_robot_perception/cleaning_robot_perception.egg-info/PKG-INFO
writing dependency_links to ../../build/cleaning_robot_perception/cleaning_robot_perception.egg-info/dependency_links.txt
writing entry points to ../../build/cleaning_robot_perception/cleaning_robot_perception.egg-info/entry_points.txt
writing requirements to ../../build/cleaning_robot_perception/cleaning_robot_perception.egg-info/requires.txt
writing top-level names to ../../build/cleaning_robot_perception/cleaning_robot_perception.egg-info/top_level.txt
writing manifest file '../../build/cleaning_robot_perception/cleaning_robot_perception.egg-info/SOURCES.txt'
reading manifest file '../../build/cleaning_robot_perception/cleaning_robot_perception.egg-info/SOURCES.txt'
writing manifest file '../../build/cleaning_robot_perception/cleaning_robot_perception.egg-info/SOURCES.txt'
running build
running build_py
creating /home/yys/cleaning_robot_ws/build/cleaning_robot_perception/build
creating /home/yys/cleaning_robot_ws/build/cleaning_robot_perception/build/lib
creating /home/yys/cleaning_robot_ws/build/cleaning_robot_perception/build/lib/cleaning_robot_perception
copying cleaning_robot_perception/stereo_processor.py -> /home/yys/cleaning_robot_ws/build/cleaning_robot_perception/build/lib/cleaning_robot_perception
copying cleaning_robot_perception/__init__.py -> /home/yys/cleaning_robot_ws/build/cleaning_robot_perception/build/lib/cleaning_robot_perception
running install
running install_lib
creating /home/yys/cleaning_robot_ws/install/cleaning_robot_perception/lib/python3.10/site-packages/cleaning_robot_perception
copying /home/yys/cleaning_robot_ws/build/cleaning_robot_perception/build/lib/cleaning_robot_perception/stereo_processor.py -> /home/yys/cleaning_robot_ws/install/cleaning_robot_perception/lib/python3.10/site-packages/cleaning_robot_perception
copying /home/yys/cleaning_robot_ws/build/cleaning_robot_perception/build/lib/cleaning_robot_perception/__init__.py -> /home/yys/cleaning_robot_ws/install/cleaning_robot_perception/lib/python3.10/site-packages/cleaning_robot_perception
byte-compiling /home/yys/cleaning_robot_ws/install/cleaning_robot_perception/lib/python3.10/site-packages/cleaning_robot_perception/stereo_processor.py to stereo_processor.cpython-310.pyc
byte-compiling /home/yys/cleaning_robot_ws/install/cleaning_robot_perception/lib/python3.10/site-packages/cleaning_robot_perception/__init__.py to __init__.cpython-310.pyc
running install_data
creating /home/yys/cleaning_robot_ws/install/cleaning_robot_perception/share/ament_index
creating /home/yys/cleaning_robot_ws/install/cleaning_robot_perception/share/ament_index/resource_index
creating /home/yys/cleaning_robot_ws/install/cleaning_robot_perception/share/ament_index/resource_index/packages
copying resource/cleaning_robot_perception -> /home/yys/cleaning_robot_ws/install/cleaning_robot_perception/share/ament_index/resource_index/packages
copying package.xml -> /home/yys/cleaning_robot_ws/install/cleaning_robot_perception/share/cleaning_robot_perception
running install_egg_info
Copying ../../build/cleaning_robot_perception/cleaning_robot_perception.egg-info to /home/yys/cleaning_robot_ws/install/cleaning_robot_perception/lib/python3.10/site-packages/cleaning_robot_perception-0.0.0-py3.10.egg-info
running install_scripts
Installing stereo_processor script to /home/yys/cleaning_robot_ws/install/cleaning_robot_perception/lib/cleaning_robot_perception
writing list of installed files to '/home/yys/cleaning_robot_ws/build/cleaning_robot_perception/install.log'
