[0.362s] DEBUG:colcon:Command line arguments: ['/usr/bin/colcon', 'build', '--symlink-install']
[0.362s] DEBUG:colcon:Parsed command line arguments: Namespace(log_base=None, log_level=None, verb_name='build', build_base='build', install_base='install', merge_install=False, symlink_install=True, test_result_base=None, continue_on_error=False, executor='parallel', parallel_workers=16, event_handlers=None, ignore_user_meta=False, metas=['./colcon.meta'], base_paths=['.'], packages_ignore=None, packages_ignore_regex=None, paths=None, packages_up_to=None, packages_up_to_regex=None, packages_above=None, packages_above_and_dependencies=None, packages_above_depth=None, packages_select_by_dep=None, packages_skip_by_dep=None, packages_skip_up_to=None, packages_select_build_failed=False, packages_skip_build_finished=False, packages_select_test_failures=False, packages_skip_test_passed=False, packages_select=None, packages_skip=None, packages_select_regex=None, packages_skip_regex=None, packages_start=None, packages_end=None, allow_overriding=[], cmake_args=None, cmake_target=None, cmake_target_skip_unavailable=False, cmake_clean_cache=False, cmake_clean_first=False, cmake_force_configure=False, ament_cmake_args=None, catkin_cmake_args=None, catkin_skip_building_tests=False, verb_parser=<colcon_defaults.argument_parser.defaults.DefaultArgumentsDecorator object at 0x7543683fad70>, verb_extension=<colcon_core.verb.build.BuildVerb object at 0x7543683fa830>, main=<bound method BuildVerb.main of <colcon_core.verb.build.BuildVerb object at 0x7543683fa830>>)
[0.465s] Level 1:colcon.colcon_core.package_discovery:discover_packages(colcon_meta) check parameters
[0.465s] Level 1:colcon.colcon_core.package_discovery:discover_packages(recursive) check parameters
[0.465s] Level 1:colcon.colcon_core.package_discovery:discover_packages(ignore) check parameters
[0.465s] Level 1:colcon.colcon_core.package_discovery:discover_packages(path) check parameters
[0.466s] Level 1:colcon.colcon_core.package_discovery:discover_packages(colcon_meta) discover
[0.466s] Level 1:colcon.colcon_core.package_discovery:discover_packages(recursive) discover
[0.466s] INFO:colcon.colcon_core.package_discovery:Crawling recursively for packages in '/home/yys/cleaning_robot_ws'
[0.466s] Level 1:colcon.colcon_core.package_identification:_identify(.) by extensions ['ignore', 'ignore_ament_install']
[0.466s] Level 1:colcon.colcon_core.package_identification:_identify(.) by extension 'ignore'
[0.466s] Level 1:colcon.colcon_core.package_identification:_identify(.) by extension 'ignore_ament_install'
[0.466s] Level 1:colcon.colcon_core.package_identification:_identify(.) by extensions ['colcon_pkg']
[0.466s] Level 1:colcon.colcon_core.package_identification:_identify(.) by extension 'colcon_pkg'
[0.466s] Level 1:colcon.colcon_core.package_identification:_identify(.) by extensions ['colcon_meta']
[0.466s] Level 1:colcon.colcon_core.package_identification:_identify(.) by extension 'colcon_meta'
[0.466s] Level 1:colcon.colcon_core.package_identification:_identify(.) by extensions ['ros']
[0.466s] Level 1:colcon.colcon_core.package_identification:_identify(.) by extension 'ros'
[0.477s] Level 1:colcon.colcon_core.package_identification:_identify(.) by extensions ['cmake', 'python']
[0.477s] Level 1:colcon.colcon_core.package_identification:_identify(.) by extension 'cmake'
[0.477s] Level 1:colcon.colcon_core.package_identification:_identify(.) by extension 'python'
[0.477s] Level 1:colcon.colcon_core.package_identification:_identify(.) by extensions ['python_setup_py']
[0.477s] Level 1:colcon.colcon_core.package_identification:_identify(.) by extension 'python_setup_py'
[0.477s] Level 1:colcon.colcon_core.package_identification:_identify(build) by extensions ['ignore', 'ignore_ament_install']
[0.477s] Level 1:colcon.colcon_core.package_identification:_identify(build) by extension 'ignore'
[0.477s] Level 1:colcon.colcon_core.package_identification:_identify(build) ignored
[0.477s] Level 1:colcon.colcon_core.package_identification:_identify(install) by extensions ['ignore', 'ignore_ament_install']
[0.477s] Level 1:colcon.colcon_core.package_identification:_identify(install) by extension 'ignore'
[0.477s] Level 1:colcon.colcon_core.package_identification:_identify(install) ignored
[0.477s] Level 1:colcon.colcon_core.package_identification:_identify(log) by extensions ['ignore', 'ignore_ament_install']
[0.478s] Level 1:colcon.colcon_core.package_identification:_identify(log) by extension 'ignore'
[0.478s] Level 1:colcon.colcon_core.package_identification:_identify(log) ignored
[0.478s] Level 1:colcon.colcon_core.package_identification:_identify(src) by extensions ['ignore', 'ignore_ament_install']
[0.478s] Level 1:colcon.colcon_core.package_identification:_identify(src) by extension 'ignore'
[0.478s] Level 1:colcon.colcon_core.package_identification:_identify(src) by extension 'ignore_ament_install'
[0.478s] Level 1:colcon.colcon_core.package_identification:_identify(src) by extensions ['colcon_pkg']
[0.478s] Level 1:colcon.colcon_core.package_identification:_identify(src) by extension 'colcon_pkg'
[0.478s] Level 1:colcon.colcon_core.package_identification:_identify(src) by extensions ['colcon_meta']
[0.478s] Level 1:colcon.colcon_core.package_identification:_identify(src) by extension 'colcon_meta'
[0.478s] Level 1:colcon.colcon_core.package_identification:_identify(src) by extensions ['ros']
[0.478s] Level 1:colcon.colcon_core.package_identification:_identify(src) by extension 'ros'
[0.478s] Level 1:colcon.colcon_core.package_identification:_identify(src) by extensions ['cmake', 'python']
[0.478s] Level 1:colcon.colcon_core.package_identification:_identify(src) by extension 'cmake'
[0.478s] Level 1:colcon.colcon_core.package_identification:_identify(src) by extension 'python'
[0.478s] Level 1:colcon.colcon_core.package_identification:_identify(src) by extensions ['python_setup_py']
[0.478s] Level 1:colcon.colcon_core.package_identification:_identify(src) by extension 'python_setup_py'
[0.478s] Level 1:colcon.colcon_core.package_identification:_identify(src/build) by extensions ['ignore', 'ignore_ament_install']
[0.478s] Level 1:colcon.colcon_core.package_identification:_identify(src/build) by extension 'ignore'
[0.478s] Level 1:colcon.colcon_core.package_identification:_identify(src/build) ignored
[0.478s] Level 1:colcon.colcon_core.package_identification:_identify(src/cleaning_robot_control) by extensions ['ignore', 'ignore_ament_install']
[0.478s] Level 1:colcon.colcon_core.package_identification:_identify(src/cleaning_robot_control) by extension 'ignore'
[0.478s] Level 1:colcon.colcon_core.package_identification:_identify(src/cleaning_robot_control) by extension 'ignore_ament_install'
[0.478s] Level 1:colcon.colcon_core.package_identification:_identify(src/cleaning_robot_control) by extensions ['colcon_pkg']
[0.478s] Level 1:colcon.colcon_core.package_identification:_identify(src/cleaning_robot_control) by extension 'colcon_pkg'
[0.478s] Level 1:colcon.colcon_core.package_identification:_identify(src/cleaning_robot_control) by extensions ['colcon_meta']
[0.479s] Level 1:colcon.colcon_core.package_identification:_identify(src/cleaning_robot_control) by extension 'colcon_meta'
[0.479s] Level 1:colcon.colcon_core.package_identification:_identify(src/cleaning_robot_control) by extensions ['ros']
[0.479s] Level 1:colcon.colcon_core.package_identification:_identify(src/cleaning_robot_control) by extension 'ros'
[0.481s] DEBUG:colcon.colcon_core.package_identification:Package 'src/cleaning_robot_control' with type 'ros.ament_python' and name 'cleaning_robot_control'
[0.481s] Level 1:colcon.colcon_core.package_identification:_identify(src/cleaning_robot_description) by extensions ['ignore', 'ignore_ament_install']
[0.481s] Level 1:colcon.colcon_core.package_identification:_identify(src/cleaning_robot_description) by extension 'ignore'
[0.481s] Level 1:colcon.colcon_core.package_identification:_identify(src/cleaning_robot_description) by extension 'ignore_ament_install'
[0.481s] Level 1:colcon.colcon_core.package_identification:_identify(src/cleaning_robot_description) by extensions ['colcon_pkg']
[0.481s] Level 1:colcon.colcon_core.package_identification:_identify(src/cleaning_robot_description) by extension 'colcon_pkg'
[0.481s] Level 1:colcon.colcon_core.package_identification:_identify(src/cleaning_robot_description) by extensions ['colcon_meta']
[0.481s] Level 1:colcon.colcon_core.package_identification:_identify(src/cleaning_robot_description) by extension 'colcon_meta'
[0.481s] Level 1:colcon.colcon_core.package_identification:_identify(src/cleaning_robot_description) by extensions ['ros']
[0.481s] Level 1:colcon.colcon_core.package_identification:_identify(src/cleaning_robot_description) by extension 'ros'
[0.482s] DEBUG:colcon.colcon_core.package_identification:Package 'src/cleaning_robot_description' with type 'ros.ament_cmake' and name 'cleaning_robot_description'
[0.482s] Level 1:colcon.colcon_core.package_identification:_identify(src/cleaning_robot_msgs) by extensions ['ignore', 'ignore_ament_install']
[0.482s] Level 1:colcon.colcon_core.package_identification:_identify(src/cleaning_robot_msgs) by extension 'ignore'
[0.482s] Level 1:colcon.colcon_core.package_identification:_identify(src/cleaning_robot_msgs) by extension 'ignore_ament_install'
[0.482s] Level 1:colcon.colcon_core.package_identification:_identify(src/cleaning_robot_msgs) by extensions ['colcon_pkg']
[0.482s] Level 1:colcon.colcon_core.package_identification:_identify(src/cleaning_robot_msgs) by extension 'colcon_pkg'
[0.482s] Level 1:colcon.colcon_core.package_identification:_identify(src/cleaning_robot_msgs) by extensions ['colcon_meta']
[0.482s] Level 1:colcon.colcon_core.package_identification:_identify(src/cleaning_robot_msgs) by extension 'colcon_meta'
[0.482s] Level 1:colcon.colcon_core.package_identification:_identify(src/cleaning_robot_msgs) by extensions ['ros']
[0.482s] Level 1:colcon.colcon_core.package_identification:_identify(src/cleaning_robot_msgs) by extension 'ros'
[0.482s] Level 1:colcon.colcon_core.package_identification:_identify(src/cleaning_robot_msgs) by extensions ['cmake', 'python']
[0.483s] Level 1:colcon.colcon_core.package_identification:_identify(src/cleaning_robot_msgs) by extension 'cmake'
[0.483s] Level 1:colcon.colcon_core.package_identification:_identify(src/cleaning_robot_msgs) by extension 'python'
[0.483s] Level 1:colcon.colcon_core.package_identification:_identify(src/cleaning_robot_msgs) by extensions ['python_setup_py']
[0.483s] Level 1:colcon.colcon_core.package_identification:_identify(src/cleaning_robot_msgs) by extension 'python_setup_py'
[0.483s] Level 1:colcon.colcon_core.package_identification:_identify(src/cleaning_robot_msgs/action) by extensions ['ignore', 'ignore_ament_install']
[0.483s] Level 1:colcon.colcon_core.package_identification:_identify(src/cleaning_robot_msgs/action) by extension 'ignore'
[0.483s] Level 1:colcon.colcon_core.package_identification:_identify(src/cleaning_robot_msgs/action) by extension 'ignore_ament_install'
[0.483s] Level 1:colcon.colcon_core.package_identification:_identify(src/cleaning_robot_msgs/action) by extensions ['colcon_pkg']
[0.483s] Level 1:colcon.colcon_core.package_identification:_identify(src/cleaning_robot_msgs/action) by extension 'colcon_pkg'
[0.483s] Level 1:colcon.colcon_core.package_identification:_identify(src/cleaning_robot_msgs/action) by extensions ['colcon_meta']
[0.483s] Level 1:colcon.colcon_core.package_identification:_identify(src/cleaning_robot_msgs/action) by extension 'colcon_meta'
[0.483s] Level 1:colcon.colcon_core.package_identification:_identify(src/cleaning_robot_msgs/action) by extensions ['ros']
[0.483s] Level 1:colcon.colcon_core.package_identification:_identify(src/cleaning_robot_msgs/action) by extension 'ros'
[0.483s] Level 1:colcon.colcon_core.package_identification:_identify(src/cleaning_robot_msgs/action) by extensions ['cmake', 'python']
[0.483s] Level 1:colcon.colcon_core.package_identification:_identify(src/cleaning_robot_msgs/action) by extension 'cmake'
[0.483s] Level 1:colcon.colcon_core.package_identification:_identify(src/cleaning_robot_msgs/action) by extension 'python'
[0.483s] Level 1:colcon.colcon_core.package_identification:_identify(src/cleaning_robot_msgs/action) by extensions ['python_setup_py']
[0.483s] Level 1:colcon.colcon_core.package_identification:_identify(src/cleaning_robot_msgs/action) by extension 'python_setup_py'
[0.483s] Level 1:colcon.colcon_core.package_identification:_identify(src/cleaning_robot_msgs/include) by extensions ['ignore', 'ignore_ament_install']
[0.483s] Level 1:colcon.colcon_core.package_identification:_identify(src/cleaning_robot_msgs/include) by extension 'ignore'
[0.483s] Level 1:colcon.colcon_core.package_identification:_identify(src/cleaning_robot_msgs/include) by extension 'ignore_ament_install'
[0.483s] Level 1:colcon.colcon_core.package_identification:_identify(src/cleaning_robot_msgs/include) by extensions ['colcon_pkg']
[0.483s] Level 1:colcon.colcon_core.package_identification:_identify(src/cleaning_robot_msgs/include) by extension 'colcon_pkg'
[0.483s] Level 1:colcon.colcon_core.package_identification:_identify(src/cleaning_robot_msgs/include) by extensions ['colcon_meta']
[0.483s] Level 1:colcon.colcon_core.package_identification:_identify(src/cleaning_robot_msgs/include) by extension 'colcon_meta'
[0.483s] Level 1:colcon.colcon_core.package_identification:_identify(src/cleaning_robot_msgs/include) by extensions ['ros']
[0.483s] Level 1:colcon.colcon_core.package_identification:_identify(src/cleaning_robot_msgs/include) by extension 'ros'
[0.483s] Level 1:colcon.colcon_core.package_identification:_identify(src/cleaning_robot_msgs/include) by extensions ['cmake', 'python']
[0.483s] Level 1:colcon.colcon_core.package_identification:_identify(src/cleaning_robot_msgs/include) by extension 'cmake'
[0.484s] Level 1:colcon.colcon_core.package_identification:_identify(src/cleaning_robot_msgs/include) by extension 'python'
[0.484s] Level 1:colcon.colcon_core.package_identification:_identify(src/cleaning_robot_msgs/include) by extensions ['python_setup_py']
[0.484s] Level 1:colcon.colcon_core.package_identification:_identify(src/cleaning_robot_msgs/include) by extension 'python_setup_py'
[0.484s] Level 1:colcon.colcon_core.package_identification:_identify(src/cleaning_robot_msgs/msg) by extensions ['ignore', 'ignore_ament_install']
[0.484s] Level 1:colcon.colcon_core.package_identification:_identify(src/cleaning_robot_msgs/msg) by extension 'ignore'
[0.484s] Level 1:colcon.colcon_core.package_identification:_identify(src/cleaning_robot_msgs/msg) by extension 'ignore_ament_install'
[0.484s] Level 1:colcon.colcon_core.package_identification:_identify(src/cleaning_robot_msgs/msg) by extensions ['colcon_pkg']
[0.484s] Level 1:colcon.colcon_core.package_identification:_identify(src/cleaning_robot_msgs/msg) by extension 'colcon_pkg'
[0.484s] Level 1:colcon.colcon_core.package_identification:_identify(src/cleaning_robot_msgs/msg) by extensions ['colcon_meta']
[0.484s] Level 1:colcon.colcon_core.package_identification:_identify(src/cleaning_robot_msgs/msg) by extension 'colcon_meta'
[0.484s] Level 1:colcon.colcon_core.package_identification:_identify(src/cleaning_robot_msgs/msg) by extensions ['ros']
[0.484s] Level 1:colcon.colcon_core.package_identification:_identify(src/cleaning_robot_msgs/msg) by extension 'ros'
[0.484s] Level 1:colcon.colcon_core.package_identification:_identify(src/cleaning_robot_msgs/msg) by extensions ['cmake', 'python']
[0.484s] Level 1:colcon.colcon_core.package_identification:_identify(src/cleaning_robot_msgs/msg) by extension 'cmake'
[0.484s] Level 1:colcon.colcon_core.package_identification:_identify(src/cleaning_robot_msgs/msg) by extension 'python'
[0.484s] Level 1:colcon.colcon_core.package_identification:_identify(src/cleaning_robot_msgs/msg) by extensions ['python_setup_py']
[0.484s] Level 1:colcon.colcon_core.package_identification:_identify(src/cleaning_robot_msgs/msg) by extension 'python_setup_py'
[0.484s] Level 1:colcon.colcon_core.package_identification:_identify(src/cleaning_robot_msgs/src) by extensions ['ignore', 'ignore_ament_install']
[0.484s] Level 1:colcon.colcon_core.package_identification:_identify(src/cleaning_robot_msgs/src) by extension 'ignore'
[0.484s] Level 1:colcon.colcon_core.package_identification:_identify(src/cleaning_robot_msgs/src) by extension 'ignore_ament_install'
[0.484s] Level 1:colcon.colcon_core.package_identification:_identify(src/cleaning_robot_msgs/src) by extensions ['colcon_pkg']
[0.484s] Level 1:colcon.colcon_core.package_identification:_identify(src/cleaning_robot_msgs/src) by extension 'colcon_pkg'
[0.484s] Level 1:colcon.colcon_core.package_identification:_identify(src/cleaning_robot_msgs/src) by extensions ['colcon_meta']
[0.484s] Level 1:colcon.colcon_core.package_identification:_identify(src/cleaning_robot_msgs/src) by extension 'colcon_meta'
[0.484s] Level 1:colcon.colcon_core.package_identification:_identify(src/cleaning_robot_msgs/src) by extensions ['ros']
[0.484s] Level 1:colcon.colcon_core.package_identification:_identify(src/cleaning_robot_msgs/src) by extension 'ros'
[0.484s] Level 1:colcon.colcon_core.package_identification:_identify(src/cleaning_robot_msgs/src) by extensions ['cmake', 'python']
[0.484s] Level 1:colcon.colcon_core.package_identification:_identify(src/cleaning_robot_msgs/src) by extension 'cmake'
[0.484s] Level 1:colcon.colcon_core.package_identification:_identify(src/cleaning_robot_msgs/src) by extension 'python'
[0.484s] Level 1:colcon.colcon_core.package_identification:_identify(src/cleaning_robot_msgs/src) by extensions ['python_setup_py']
[0.484s] Level 1:colcon.colcon_core.package_identification:_identify(src/cleaning_robot_msgs/src) by extension 'python_setup_py'
[0.485s] Level 1:colcon.colcon_core.package_identification:_identify(src/cleaning_robot_msgs/srv) by extensions ['ignore', 'ignore_ament_install']
[0.485s] Level 1:colcon.colcon_core.package_identification:_identify(src/cleaning_robot_msgs/srv) by extension 'ignore'
[0.485s] Level 1:colcon.colcon_core.package_identification:_identify(src/cleaning_robot_msgs/srv) by extension 'ignore_ament_install'
[0.485s] Level 1:colcon.colcon_core.package_identification:_identify(src/cleaning_robot_msgs/srv) by extensions ['colcon_pkg']
[0.485s] Level 1:colcon.colcon_core.package_identification:_identify(src/cleaning_robot_msgs/srv) by extension 'colcon_pkg'
[0.485s] Level 1:colcon.colcon_core.package_identification:_identify(src/cleaning_robot_msgs/srv) by extensions ['colcon_meta']
[0.485s] Level 1:colcon.colcon_core.package_identification:_identify(src/cleaning_robot_msgs/srv) by extension 'colcon_meta'
[0.485s] Level 1:colcon.colcon_core.package_identification:_identify(src/cleaning_robot_msgs/srv) by extensions ['ros']
[0.485s] Level 1:colcon.colcon_core.package_identification:_identify(src/cleaning_robot_msgs/srv) by extension 'ros'
[0.485s] Level 1:colcon.colcon_core.package_identification:_identify(src/cleaning_robot_msgs/srv) by extensions ['cmake', 'python']
[0.485s] Level 1:colcon.colcon_core.package_identification:_identify(src/cleaning_robot_msgs/srv) by extension 'cmake'
[0.485s] Level 1:colcon.colcon_core.package_identification:_identify(src/cleaning_robot_msgs/srv) by extension 'python'
[0.485s] Level 1:colcon.colcon_core.package_identification:_identify(src/cleaning_robot_msgs/srv) by extensions ['python_setup_py']
[0.485s] Level 1:colcon.colcon_core.package_identification:_identify(src/cleaning_robot_msgs/srv) by extension 'python_setup_py'
[0.485s] Level 1:colcon.colcon_core.package_identification:_identify(src/cleaning_robot_navigation) by extensions ['ignore', 'ignore_ament_install']
[0.485s] Level 1:colcon.colcon_core.package_identification:_identify(src/cleaning_robot_navigation) by extension 'ignore'
[0.485s] Level 1:colcon.colcon_core.package_identification:_identify(src/cleaning_robot_navigation) by extension 'ignore_ament_install'
[0.485s] Level 1:colcon.colcon_core.package_identification:_identify(src/cleaning_robot_navigation) by extensions ['colcon_pkg']
[0.485s] Level 1:colcon.colcon_core.package_identification:_identify(src/cleaning_robot_navigation) by extension 'colcon_pkg'
[0.485s] Level 1:colcon.colcon_core.package_identification:_identify(src/cleaning_robot_navigation) by extensions ['colcon_meta']
[0.485s] Level 1:colcon.colcon_core.package_identification:_identify(src/cleaning_robot_navigation) by extension 'colcon_meta'
[0.485s] Level 1:colcon.colcon_core.package_identification:_identify(src/cleaning_robot_navigation) by extensions ['ros']
[0.485s] Level 1:colcon.colcon_core.package_identification:_identify(src/cleaning_robot_navigation) by extension 'ros'
[0.486s] DEBUG:colcon.colcon_core.package_identification:Package 'src/cleaning_robot_navigation' with type 'ros.ament_python' and name 'cleaning_robot_navigation'
[0.486s] Level 1:colcon.colcon_core.package_identification:_identify(src/cleaning_robot_perception) by extensions ['ignore', 'ignore_ament_install']
[0.486s] Level 1:colcon.colcon_core.package_identification:_identify(src/cleaning_robot_perception) by extension 'ignore'
[0.486s] Level 1:colcon.colcon_core.package_identification:_identify(src/cleaning_robot_perception) by extension 'ignore_ament_install'
[0.486s] Level 1:colcon.colcon_core.package_identification:_identify(src/cleaning_robot_perception) by extensions ['colcon_pkg']
[0.486s] Level 1:colcon.colcon_core.package_identification:_identify(src/cleaning_robot_perception) by extension 'colcon_pkg'
[0.486s] Level 1:colcon.colcon_core.package_identification:_identify(src/cleaning_robot_perception) by extensions ['colcon_meta']
[0.486s] Level 1:colcon.colcon_core.package_identification:_identify(src/cleaning_robot_perception) by extension 'colcon_meta'
[0.486s] Level 1:colcon.colcon_core.package_identification:_identify(src/cleaning_robot_perception) by extensions ['ros']
[0.486s] Level 1:colcon.colcon_core.package_identification:_identify(src/cleaning_robot_perception) by extension 'ros'
[0.487s] DEBUG:colcon.colcon_core.package_identification:Package 'src/cleaning_robot_perception' with type 'ros.ament_python' and name 'cleaning_robot_perception'
[0.487s] Level 1:colcon.colcon_core.package_identification:_identify(src/cleaning_robot_slam) by extensions ['ignore', 'ignore_ament_install']
[0.487s] Level 1:colcon.colcon_core.package_identification:_identify(src/cleaning_robot_slam) by extension 'ignore'
[0.487s] Level 1:colcon.colcon_core.package_identification:_identify(src/cleaning_robot_slam) by extension 'ignore_ament_install'
[0.487s] Level 1:colcon.colcon_core.package_identification:_identify(src/cleaning_robot_slam) by extensions ['colcon_pkg']
[0.487s] Level 1:colcon.colcon_core.package_identification:_identify(src/cleaning_robot_slam) by extension 'colcon_pkg'
[0.487s] Level 1:colcon.colcon_core.package_identification:_identify(src/cleaning_robot_slam) by extensions ['colcon_meta']
[0.487s] Level 1:colcon.colcon_core.package_identification:_identify(src/cleaning_robot_slam) by extension 'colcon_meta'
[0.488s] Level 1:colcon.colcon_core.package_identification:_identify(src/cleaning_robot_slam) by extensions ['ros']
[0.488s] Level 1:colcon.colcon_core.package_identification:_identify(src/cleaning_robot_slam) by extension 'ros'
[0.488s] DEBUG:colcon.colcon_core.package_identification:Package 'src/cleaning_robot_slam' with type 'ros.ament_python' and name 'cleaning_robot_slam'
[0.489s] Level 1:colcon.colcon_core.package_identification:_identify(src/install) by extensions ['ignore', 'ignore_ament_install']
[0.489s] Level 1:colcon.colcon_core.package_identification:_identify(src/install) by extension 'ignore'
[0.489s] Level 1:colcon.colcon_core.package_identification:_identify(src/install) ignored
[0.489s] Level 1:colcon.colcon_core.package_identification:_identify(src/log) by extensions ['ignore', 'ignore_ament_install']
[0.489s] Level 1:colcon.colcon_core.package_identification:_identify(src/log) by extension 'ignore'
[0.489s] Level 1:colcon.colcon_core.package_identification:_identify(src/log) ignored
[0.489s] Level 1:colcon.colcon_core.package_identification:_identify(src/lslidar_driver) by extensions ['ignore', 'ignore_ament_install']
[0.489s] Level 1:colcon.colcon_core.package_identification:_identify(src/lslidar_driver) by extension 'ignore'
[0.489s] Level 1:colcon.colcon_core.package_identification:_identify(src/lslidar_driver) by extension 'ignore_ament_install'
[0.489s] Level 1:colcon.colcon_core.package_identification:_identify(src/lslidar_driver) by extensions ['colcon_pkg']
[0.489s] Level 1:colcon.colcon_core.package_identification:_identify(src/lslidar_driver) by extension 'colcon_pkg'
[0.489s] Level 1:colcon.colcon_core.package_identification:_identify(src/lslidar_driver) by extensions ['colcon_meta']
[0.489s] Level 1:colcon.colcon_core.package_identification:_identify(src/lslidar_driver) by extension 'colcon_meta'
[0.489s] Level 1:colcon.colcon_core.package_identification:_identify(src/lslidar_driver) by extensions ['ros']
[0.489s] Level 1:colcon.colcon_core.package_identification:_identify(src/lslidar_driver) by extension 'ros'
[0.490s] DEBUG:colcon.colcon_core.package_identification:Package 'src/lslidar_driver' with type 'ros.ament_cmake' and name 'lslidar_driver'
[0.490s] Level 1:colcon.colcon_core.package_identification:_identify(src/lslidar_msgs) by extensions ['ignore', 'ignore_ament_install']
[0.490s] Level 1:colcon.colcon_core.package_identification:_identify(src/lslidar_msgs) by extension 'ignore'
[0.490s] Level 1:colcon.colcon_core.package_identification:_identify(src/lslidar_msgs) by extension 'ignore_ament_install'
[0.490s] Level 1:colcon.colcon_core.package_identification:_identify(src/lslidar_msgs) by extensions ['colcon_pkg']
[0.490s] Level 1:colcon.colcon_core.package_identification:_identify(src/lslidar_msgs) by extension 'colcon_pkg'
[0.490s] Level 1:colcon.colcon_core.package_identification:_identify(src/lslidar_msgs) by extensions ['colcon_meta']
[0.490s] Level 1:colcon.colcon_core.package_identification:_identify(src/lslidar_msgs) by extension 'colcon_meta'
[0.490s] Level 1:colcon.colcon_core.package_identification:_identify(src/lslidar_msgs) by extensions ['ros']
[0.490s] Level 1:colcon.colcon_core.package_identification:_identify(src/lslidar_msgs) by extension 'ros'
[0.491s] DEBUG:colcon.colcon_core.package_identification:Package 'src/lslidar_msgs' with type 'ros.ament_cmake' and name 'lslidar_msgs'
[0.491s] Level 1:colcon.colcon_core.package_discovery:discover_packages(recursive) using defaults
[0.491s] Level 1:colcon.colcon_core.package_discovery:discover_packages(ignore) discover
[0.491s] Level 1:colcon.colcon_core.package_discovery:discover_packages(ignore) using defaults
[0.491s] Level 1:colcon.colcon_core.package_discovery:discover_packages(path) discover
[0.491s] Level 1:colcon.colcon_core.package_discovery:discover_packages(path) using defaults
[0.527s] Level 1:colcon.colcon_core.package_discovery:discover_packages(prefix_path) check parameters
[0.527s] Level 1:colcon.colcon_core.package_discovery:discover_packages(prefix_path) discover
[0.531s] Level 1:colcon.colcon_core.package_discovery:discover_packages(prefix_path) using defaults
[0.535s] Level 5:colcon.colcon_core.verb:set package 'cleaning_robot_control' build argument 'cmake_args' from command line to 'None'
[0.535s] Level 5:colcon.colcon_core.verb:set package 'cleaning_robot_control' build argument 'cmake_target' from command line to 'None'
[0.535s] Level 5:colcon.colcon_core.verb:set package 'cleaning_robot_control' build argument 'cmake_target_skip_unavailable' from command line to 'False'
[0.535s] Level 5:colcon.colcon_core.verb:set package 'cleaning_robot_control' build argument 'cmake_clean_cache' from command line to 'False'
[0.535s] Level 5:colcon.colcon_core.verb:set package 'cleaning_robot_control' build argument 'cmake_clean_first' from command line to 'False'
[0.535s] Level 5:colcon.colcon_core.verb:set package 'cleaning_robot_control' build argument 'cmake_force_configure' from command line to 'False'
[0.535s] Level 5:colcon.colcon_core.verb:set package 'cleaning_robot_control' build argument 'ament_cmake_args' from command line to 'None'
[0.535s] Level 5:colcon.colcon_core.verb:set package 'cleaning_robot_control' build argument 'catkin_cmake_args' from command line to 'None'
[0.535s] Level 5:colcon.colcon_core.verb:set package 'cleaning_robot_control' build argument 'catkin_skip_building_tests' from command line to 'False'
[0.535s] DEBUG:colcon.colcon_core.verb:Building package 'cleaning_robot_control' with the following arguments: {'ament_cmake_args': None, 'build_base': '/home/yys/cleaning_robot_ws/build/cleaning_robot_control', 'catkin_cmake_args': None, 'catkin_skip_building_tests': False, 'cmake_args': None, 'cmake_clean_cache': False, 'cmake_clean_first': False, 'cmake_force_configure': False, 'cmake_target': None, 'cmake_target_skip_unavailable': False, 'install_base': '/home/yys/cleaning_robot_ws/install/cleaning_robot_control', 'merge_install': False, 'path': '/home/yys/cleaning_robot_ws/src/cleaning_robot_control', 'symlink_install': True, 'test_result_base': None}
[0.536s] Level 5:colcon.colcon_core.verb:set package 'cleaning_robot_description' build argument 'cmake_args' from command line to 'None'
[0.536s] Level 5:colcon.colcon_core.verb:set package 'cleaning_robot_description' build argument 'cmake_target' from command line to 'None'
[0.536s] Level 5:colcon.colcon_core.verb:set package 'cleaning_robot_description' build argument 'cmake_target_skip_unavailable' from command line to 'False'
[0.536s] Level 5:colcon.colcon_core.verb:set package 'cleaning_robot_description' build argument 'cmake_clean_cache' from command line to 'False'
[0.536s] Level 5:colcon.colcon_core.verb:set package 'cleaning_robot_description' build argument 'cmake_clean_first' from command line to 'False'
[0.536s] Level 5:colcon.colcon_core.verb:set package 'cleaning_robot_description' build argument 'cmake_force_configure' from command line to 'False'
[0.536s] Level 5:colcon.colcon_core.verb:set package 'cleaning_robot_description' build argument 'ament_cmake_args' from command line to 'None'
[0.536s] Level 5:colcon.colcon_core.verb:set package 'cleaning_robot_description' build argument 'catkin_cmake_args' from command line to 'None'
[0.536s] Level 5:colcon.colcon_core.verb:set package 'cleaning_robot_description' build argument 'catkin_skip_building_tests' from command line to 'False'
[0.536s] DEBUG:colcon.colcon_core.verb:Building package 'cleaning_robot_description' with the following arguments: {'ament_cmake_args': None, 'build_base': '/home/yys/cleaning_robot_ws/build/cleaning_robot_description', 'catkin_cmake_args': None, 'catkin_skip_building_tests': False, 'cmake_args': None, 'cmake_clean_cache': False, 'cmake_clean_first': False, 'cmake_force_configure': False, 'cmake_target': None, 'cmake_target_skip_unavailable': False, 'install_base': '/home/yys/cleaning_robot_ws/install/cleaning_robot_description', 'merge_install': False, 'path': '/home/yys/cleaning_robot_ws/src/cleaning_robot_description', 'symlink_install': True, 'test_result_base': None}
[0.536s] Level 5:colcon.colcon_core.verb:set package 'cleaning_robot_navigation' build argument 'cmake_args' from command line to 'None'
[0.536s] Level 5:colcon.colcon_core.verb:set package 'cleaning_robot_navigation' build argument 'cmake_target' from command line to 'None'
[0.536s] Level 5:colcon.colcon_core.verb:set package 'cleaning_robot_navigation' build argument 'cmake_target_skip_unavailable' from command line to 'False'
[0.536s] Level 5:colcon.colcon_core.verb:set package 'cleaning_robot_navigation' build argument 'cmake_clean_cache' from command line to 'False'
[0.536s] Level 5:colcon.colcon_core.verb:set package 'cleaning_robot_navigation' build argument 'cmake_clean_first' from command line to 'False'
[0.536s] Level 5:colcon.colcon_core.verb:set package 'cleaning_robot_navigation' build argument 'cmake_force_configure' from command line to 'False'
[0.536s] Level 5:colcon.colcon_core.verb:set package 'cleaning_robot_navigation' build argument 'ament_cmake_args' from command line to 'None'
[0.536s] Level 5:colcon.colcon_core.verb:set package 'cleaning_robot_navigation' build argument 'catkin_cmake_args' from command line to 'None'
[0.536s] Level 5:colcon.colcon_core.verb:set package 'cleaning_robot_navigation' build argument 'catkin_skip_building_tests' from command line to 'False'
[0.536s] DEBUG:colcon.colcon_core.verb:Building package 'cleaning_robot_navigation' with the following arguments: {'ament_cmake_args': None, 'build_base': '/home/yys/cleaning_robot_ws/build/cleaning_robot_navigation', 'catkin_cmake_args': None, 'catkin_skip_building_tests': False, 'cmake_args': None, 'cmake_clean_cache': False, 'cmake_clean_first': False, 'cmake_force_configure': False, 'cmake_target': None, 'cmake_target_skip_unavailable': False, 'install_base': '/home/yys/cleaning_robot_ws/install/cleaning_robot_navigation', 'merge_install': False, 'path': '/home/yys/cleaning_robot_ws/src/cleaning_robot_navigation', 'symlink_install': True, 'test_result_base': None}
[0.537s] Level 5:colcon.colcon_core.verb:set package 'cleaning_robot_perception' build argument 'cmake_args' from command line to 'None'
[0.537s] Level 5:colcon.colcon_core.verb:set package 'cleaning_robot_perception' build argument 'cmake_target' from command line to 'None'
[0.537s] Level 5:colcon.colcon_core.verb:set package 'cleaning_robot_perception' build argument 'cmake_target_skip_unavailable' from command line to 'False'
[0.537s] Level 5:colcon.colcon_core.verb:set package 'cleaning_robot_perception' build argument 'cmake_clean_cache' from command line to 'False'
[0.537s] Level 5:colcon.colcon_core.verb:set package 'cleaning_robot_perception' build argument 'cmake_clean_first' from command line to 'False'
[0.537s] Level 5:colcon.colcon_core.verb:set package 'cleaning_robot_perception' build argument 'cmake_force_configure' from command line to 'False'
[0.537s] Level 5:colcon.colcon_core.verb:set package 'cleaning_robot_perception' build argument 'ament_cmake_args' from command line to 'None'
[0.537s] Level 5:colcon.colcon_core.verb:set package 'cleaning_robot_perception' build argument 'catkin_cmake_args' from command line to 'None'
[0.537s] Level 5:colcon.colcon_core.verb:set package 'cleaning_robot_perception' build argument 'catkin_skip_building_tests' from command line to 'False'
[0.537s] DEBUG:colcon.colcon_core.verb:Building package 'cleaning_robot_perception' with the following arguments: {'ament_cmake_args': None, 'build_base': '/home/yys/cleaning_robot_ws/build/cleaning_robot_perception', 'catkin_cmake_args': None, 'catkin_skip_building_tests': False, 'cmake_args': None, 'cmake_clean_cache': False, 'cmake_clean_first': False, 'cmake_force_configure': False, 'cmake_target': None, 'cmake_target_skip_unavailable': False, 'install_base': '/home/yys/cleaning_robot_ws/install/cleaning_robot_perception', 'merge_install': False, 'path': '/home/yys/cleaning_robot_ws/src/cleaning_robot_perception', 'symlink_install': True, 'test_result_base': None}
[0.537s] Level 5:colcon.colcon_core.verb:set package 'cleaning_robot_slam' build argument 'cmake_args' from command line to 'None'
[0.537s] Level 5:colcon.colcon_core.verb:set package 'cleaning_robot_slam' build argument 'cmake_target' from command line to 'None'
[0.537s] Level 5:colcon.colcon_core.verb:set package 'cleaning_robot_slam' build argument 'cmake_target_skip_unavailable' from command line to 'False'
[0.537s] Level 5:colcon.colcon_core.verb:set package 'cleaning_robot_slam' build argument 'cmake_clean_cache' from command line to 'False'
[0.537s] Level 5:colcon.colcon_core.verb:set package 'cleaning_robot_slam' build argument 'cmake_clean_first' from command line to 'False'
[0.537s] Level 5:colcon.colcon_core.verb:set package 'cleaning_robot_slam' build argument 'cmake_force_configure' from command line to 'False'
[0.537s] Level 5:colcon.colcon_core.verb:set package 'cleaning_robot_slam' build argument 'ament_cmake_args' from command line to 'None'
[0.537s] Level 5:colcon.colcon_core.verb:set package 'cleaning_robot_slam' build argument 'catkin_cmake_args' from command line to 'None'
[0.537s] Level 5:colcon.colcon_core.verb:set package 'cleaning_robot_slam' build argument 'catkin_skip_building_tests' from command line to 'False'
[0.537s] DEBUG:colcon.colcon_core.verb:Building package 'cleaning_robot_slam' with the following arguments: {'ament_cmake_args': None, 'build_base': '/home/yys/cleaning_robot_ws/build/cleaning_robot_slam', 'catkin_cmake_args': None, 'catkin_skip_building_tests': False, 'cmake_args': None, 'cmake_clean_cache': False, 'cmake_clean_first': False, 'cmake_force_configure': False, 'cmake_target': None, 'cmake_target_skip_unavailable': False, 'install_base': '/home/yys/cleaning_robot_ws/install/cleaning_robot_slam', 'merge_install': False, 'path': '/home/yys/cleaning_robot_ws/src/cleaning_robot_slam', 'symlink_install': True, 'test_result_base': None}
[0.538s] Level 5:colcon.colcon_core.verb:set package 'lslidar_msgs' build argument 'cmake_args' from command line to 'None'
[0.538s] Level 5:colcon.colcon_core.verb:set package 'lslidar_msgs' build argument 'cmake_target' from command line to 'None'
[0.538s] Level 5:colcon.colcon_core.verb:set package 'lslidar_msgs' build argument 'cmake_target_skip_unavailable' from command line to 'False'
[0.538s] Level 5:colcon.colcon_core.verb:set package 'lslidar_msgs' build argument 'cmake_clean_cache' from command line to 'False'
[0.538s] Level 5:colcon.colcon_core.verb:set package 'lslidar_msgs' build argument 'cmake_clean_first' from command line to 'False'
[0.538s] Level 5:colcon.colcon_core.verb:set package 'lslidar_msgs' build argument 'cmake_force_configure' from command line to 'False'
[0.538s] Level 5:colcon.colcon_core.verb:set package 'lslidar_msgs' build argument 'ament_cmake_args' from command line to 'None'
[0.538s] Level 5:colcon.colcon_core.verb:set package 'lslidar_msgs' build argument 'catkin_cmake_args' from command line to 'None'
[0.538s] Level 5:colcon.colcon_core.verb:set package 'lslidar_msgs' build argument 'catkin_skip_building_tests' from command line to 'False'
[0.538s] DEBUG:colcon.colcon_core.verb:Building package 'lslidar_msgs' with the following arguments: {'ament_cmake_args': None, 'build_base': '/home/yys/cleaning_robot_ws/build/lslidar_msgs', 'catkin_cmake_args': None, 'catkin_skip_building_tests': False, 'cmake_args': None, 'cmake_clean_cache': False, 'cmake_clean_first': False, 'cmake_force_configure': False, 'cmake_target': None, 'cmake_target_skip_unavailable': False, 'install_base': '/home/yys/cleaning_robot_ws/install/lslidar_msgs', 'merge_install': False, 'path': '/home/yys/cleaning_robot_ws/src/lslidar_msgs', 'symlink_install': True, 'test_result_base': None}
[0.538s] Level 5:colcon.colcon_core.verb:set package 'lslidar_driver' build argument 'cmake_args' from command line to 'None'
[0.538s] Level 5:colcon.colcon_core.verb:set package 'lslidar_driver' build argument 'cmake_target' from command line to 'None'
[0.538s] Level 5:colcon.colcon_core.verb:set package 'lslidar_driver' build argument 'cmake_target_skip_unavailable' from command line to 'False'
[0.538s] Level 5:colcon.colcon_core.verb:set package 'lslidar_driver' build argument 'cmake_clean_cache' from command line to 'False'
[0.538s] Level 5:colcon.colcon_core.verb:set package 'lslidar_driver' build argument 'cmake_clean_first' from command line to 'False'
[0.538s] Level 5:colcon.colcon_core.verb:set package 'lslidar_driver' build argument 'cmake_force_configure' from command line to 'False'
[0.538s] Level 5:colcon.colcon_core.verb:set package 'lslidar_driver' build argument 'ament_cmake_args' from command line to 'None'
[0.538s] Level 5:colcon.colcon_core.verb:set package 'lslidar_driver' build argument 'catkin_cmake_args' from command line to 'None'
[0.538s] Level 5:colcon.colcon_core.verb:set package 'lslidar_driver' build argument 'catkin_skip_building_tests' from command line to 'False'
[0.538s] DEBUG:colcon.colcon_core.verb:Building package 'lslidar_driver' with the following arguments: {'ament_cmake_args': None, 'build_base': '/home/yys/cleaning_robot_ws/build/lslidar_driver', 'catkin_cmake_args': None, 'catkin_skip_building_tests': False, 'cmake_args': None, 'cmake_clean_cache': False, 'cmake_clean_first': False, 'cmake_force_configure': False, 'cmake_target': None, 'cmake_target_skip_unavailable': False, 'install_base': '/home/yys/cleaning_robot_ws/install/lslidar_driver', 'merge_install': False, 'path': '/home/yys/cleaning_robot_ws/src/lslidar_driver', 'symlink_install': True, 'test_result_base': None}
[0.538s] INFO:colcon.colcon_core.executor:Executing jobs using 'parallel' executor
[0.540s] DEBUG:colcon.colcon_parallel_executor.executor.parallel:run_until_complete
[0.541s] INFO:colcon.colcon_ros.task.ament_cmake.build:Building ROS package in '/home/yys/cleaning_robot_ws/src/lslidar_msgs' with build type 'ament_cmake'
[0.541s] INFO:colcon.colcon_cmake.task.cmake.build:Building CMake package in '/home/yys/cleaning_robot_ws/src/lslidar_msgs'
[0.554s] INFO:colcon.colcon_core.plugin_system:Skipping extension 'colcon_core.shell.bat': Not used on non-Windows systems
[0.555s] INFO:colcon.colcon_core.shell:Skip shell extension 'powershell' for command environment: Not usable outside of PowerShell
[0.555s] DEBUG:colcon.colcon_core.shell:Skip shell extension 'dsv' for command environment
[0.558s] INFO:colcon.colcon_ros.task.ament_python.build:Building ROS package in '/home/yys/cleaning_robot_ws/src/cleaning_robot_control' with build type 'ament_python'
[0.558s] Level 1:colcon.colcon_core.shell:create_environment_hook('cleaning_robot_control', 'ament_prefix_path')
[0.558s] INFO:colcon.colcon_core.shell:Creating environment hook '/home/yys/cleaning_robot_ws/install/cleaning_robot_control/share/cleaning_robot_control/hook/ament_prefix_path.ps1'
[0.560s] INFO:colcon.colcon_core.shell:Creating environment descriptor '/home/yys/cleaning_robot_ws/install/cleaning_robot_control/share/cleaning_robot_control/hook/ament_prefix_path.dsv'
[0.561s] INFO:colcon.colcon_core.shell:Creating environment hook '/home/yys/cleaning_robot_ws/install/cleaning_robot_control/share/cleaning_robot_control/hook/ament_prefix_path.sh'
[0.562s] INFO:colcon.colcon_core.shell:Skip shell extension 'powershell' for command environment: Not usable outside of PowerShell
[0.563s] DEBUG:colcon.colcon_core.shell:Skip shell extension 'dsv' for command environment
[0.564s] INFO:colcon.colcon_ros.task.ament_cmake.build:Building ROS package in '/home/yys/cleaning_robot_ws/src/cleaning_robot_description' with build type 'ament_cmake'
[0.564s] INFO:colcon.colcon_cmake.task.cmake.build:Building CMake package in '/home/yys/cleaning_robot_ws/src/cleaning_robot_description'
[0.564s] INFO:colcon.colcon_core.shell:Skip shell extension 'powershell' for command environment: Not usable outside of PowerShell
[0.565s] DEBUG:colcon.colcon_core.shell:Skip shell extension 'dsv' for command environment
[0.567s] INFO:colcon.colcon_ros.task.ament_python.build:Building ROS package in '/home/yys/cleaning_robot_ws/src/cleaning_robot_navigation' with build type 'ament_python'
[0.567s] Level 1:colcon.colcon_core.shell:create_environment_hook('cleaning_robot_navigation', 'ament_prefix_path')
[0.567s] INFO:colcon.colcon_core.shell:Creating environment hook '/home/yys/cleaning_robot_ws/install/cleaning_robot_navigation/share/cleaning_robot_navigation/hook/ament_prefix_path.ps1'
[0.568s] INFO:colcon.colcon_core.shell:Creating environment descriptor '/home/yys/cleaning_robot_ws/install/cleaning_robot_navigation/share/cleaning_robot_navigation/hook/ament_prefix_path.dsv'
[0.569s] INFO:colcon.colcon_core.shell:Creating environment hook '/home/yys/cleaning_robot_ws/install/cleaning_robot_navigation/share/cleaning_robot_navigation/hook/ament_prefix_path.sh'
[0.570s] INFO:colcon.colcon_core.shell:Skip shell extension 'powershell' for command environment: Not usable outside of PowerShell
[0.570s] DEBUG:colcon.colcon_core.shell:Skip shell extension 'dsv' for command environment
[0.572s] INFO:colcon.colcon_ros.task.ament_python.build:Building ROS package in '/home/yys/cleaning_robot_ws/src/cleaning_robot_perception' with build type 'ament_python'
[0.573s] Level 1:colcon.colcon_core.shell:create_environment_hook('cleaning_robot_perception', 'ament_prefix_path')
[0.573s] INFO:colcon.colcon_core.shell:Creating environment hook '/home/yys/cleaning_robot_ws/install/cleaning_robot_perception/share/cleaning_robot_perception/hook/ament_prefix_path.ps1'
[0.574s] INFO:colcon.colcon_core.shell:Creating environment descriptor '/home/yys/cleaning_robot_ws/install/cleaning_robot_perception/share/cleaning_robot_perception/hook/ament_prefix_path.dsv'
[0.574s] INFO:colcon.colcon_core.shell:Creating environment hook '/home/yys/cleaning_robot_ws/install/cleaning_robot_perception/share/cleaning_robot_perception/hook/ament_prefix_path.sh'
[0.575s] INFO:colcon.colcon_core.shell:Skip shell extension 'powershell' for command environment: Not usable outside of PowerShell
[0.575s] DEBUG:colcon.colcon_core.shell:Skip shell extension 'dsv' for command environment
[0.576s] INFO:colcon.colcon_ros.task.ament_python.build:Building ROS package in '/home/yys/cleaning_robot_ws/src/cleaning_robot_slam' with build type 'ament_python'
[0.577s] Level 1:colcon.colcon_core.shell:create_environment_hook('cleaning_robot_slam', 'ament_prefix_path')
[0.577s] INFO:colcon.colcon_core.shell:Creating environment hook '/home/yys/cleaning_robot_ws/install/cleaning_robot_slam/share/cleaning_robot_slam/hook/ament_prefix_path.ps1'
[0.578s] INFO:colcon.colcon_core.shell:Creating environment descriptor '/home/yys/cleaning_robot_ws/install/cleaning_robot_slam/share/cleaning_robot_slam/hook/ament_prefix_path.dsv'
[0.578s] INFO:colcon.colcon_core.shell:Creating environment hook '/home/yys/cleaning_robot_ws/install/cleaning_robot_slam/share/cleaning_robot_slam/hook/ament_prefix_path.sh'
[0.579s] INFO:colcon.colcon_core.shell:Skip shell extension 'powershell' for command environment: Not usable outside of PowerShell
[0.579s] DEBUG:colcon.colcon_core.shell:Skip shell extension 'dsv' for command environment
[0.586s] DEBUG:colcon.colcon_core.event_handler.log_command:Invoking command in '/home/yys/cleaning_robot_ws/build/lslidar_msgs': /usr/bin/cmake /home/yys/cleaning_robot_ws/src/lslidar_msgs -DAMENT_CMAKE_SYMLINK_INSTALL=1 -DCMAKE_INSTALL_PREFIX=/home/yys/cleaning_robot_ws/install/lslidar_msgs
[0.782s] INFO:colcon.colcon_core.task.python.build:Building Python package in '/home/yys/cleaning_robot_ws/src/cleaning_robot_control'
[0.782s] INFO:colcon.colcon_core.shell:Skip shell extension 'powershell' for command environment: Not usable outside of PowerShell
[0.782s] DEBUG:colcon.colcon_core.shell:Skip shell extension 'dsv' for command environment
[0.790s] DEBUG:colcon.colcon_core.event_handler.log_command:Invoking command in '/home/yys/cleaning_robot_ws/build/cleaning_robot_description': /usr/bin/cmake /home/yys/cleaning_robot_ws/src/cleaning_robot_description -DAMENT_CMAKE_SYMLINK_INSTALL=1 -DCMAKE_INSTALL_PREFIX=/home/yys/cleaning_robot_ws/install/cleaning_robot_description
[0.992s] INFO:colcon.colcon_core.task.python.build:Building Python package in '/home/yys/cleaning_robot_ws/src/cleaning_robot_navigation'
[0.992s] INFO:colcon.colcon_core.shell:Skip shell extension 'powershell' for command environment: Not usable outside of PowerShell
[0.992s] DEBUG:colcon.colcon_core.shell:Skip shell extension 'dsv' for command environment
[1.156s] INFO:colcon.colcon_core.task.python.build:Building Python package in '/home/yys/cleaning_robot_ws/src/cleaning_robot_perception'
[1.156s] INFO:colcon.colcon_core.shell:Skip shell extension 'powershell' for command environment: Not usable outside of PowerShell
[1.156s] DEBUG:colcon.colcon_core.shell:Skip shell extension 'dsv' for command environment
[1.330s] INFO:colcon.colcon_core.task.python.build:Building Python package in '/home/yys/cleaning_robot_ws/src/cleaning_robot_slam'
[1.330s] INFO:colcon.colcon_core.shell:Skip shell extension 'powershell' for command environment: Not usable outside of PowerShell
[1.330s] DEBUG:colcon.colcon_core.shell:Skip shell extension 'dsv' for command environment
[1.332s] DEBUG:colcon.colcon_core.event_handler.log_command:Invoked command in '/home/yys/cleaning_robot_ws/build/cleaning_robot_description' returned '1': /usr/bin/cmake /home/yys/cleaning_robot_ws/src/cleaning_robot_description -DAMENT_CMAKE_SYMLINK_INSTALL=1 -DCMAKE_INSTALL_PREFIX=/home/yys/cleaning_robot_ws/install/cleaning_robot_description
[1.333s] Level 1:colcon.colcon_core.environment:create_environment_scripts_only(cleaning_robot_description)
[1.341s] Level 1:colcon.colcon_core.environment:checking '/home/yys/cleaning_robot_ws/install/cleaning_robot_description' for CMake module files
[1.342s] Level 1:colcon.colcon_core.environment:checking '/home/yys/cleaning_robot_ws/install/cleaning_robot_description' for CMake config files
[1.342s] Level 1:colcon.colcon_core.shell:create_environment_hook('cleaning_robot_description', 'cmake_prefix_path')
[1.342s] INFO:colcon.colcon_core.shell:Creating environment hook '/home/yys/cleaning_robot_ws/install/cleaning_robot_description/share/cleaning_robot_description/hook/cmake_prefix_path.ps1'
[1.343s] INFO:colcon.colcon_core.shell:Creating environment descriptor '/home/yys/cleaning_robot_ws/install/cleaning_robot_description/share/cleaning_robot_description/hook/cmake_prefix_path.dsv'
[1.343s] INFO:colcon.colcon_core.shell:Creating environment hook '/home/yys/cleaning_robot_ws/install/cleaning_robot_description/share/cleaning_robot_description/hook/cmake_prefix_path.sh'
[1.344s] Level 1:colcon.colcon_core.environment:checking '/home/yys/cleaning_robot_ws/install/cleaning_robot_description/bin'
[1.344s] Level 1:colcon.colcon_core.environment:checking '/home/yys/cleaning_robot_ws/install/cleaning_robot_description/lib/pkgconfig/cleaning_robot_description.pc'
[1.346s] Level 1:colcon.colcon_core.environment:checking '/home/yys/cleaning_robot_ws/install/cleaning_robot_description/lib/python3.10/site-packages'
[1.346s] Level 1:colcon.colcon_core.environment:checking '/home/yys/cleaning_robot_ws/install/cleaning_robot_description/bin'
[1.346s] INFO:colcon.colcon_core.shell:Creating package script '/home/yys/cleaning_robot_ws/install/cleaning_robot_description/share/cleaning_robot_description/package.ps1'
[1.348s] INFO:colcon.colcon_core.shell:Creating package descriptor '/home/yys/cleaning_robot_ws/install/cleaning_robot_description/share/cleaning_robot_description/package.dsv'
[1.348s] INFO:colcon.colcon_core.shell:Creating package script '/home/yys/cleaning_robot_ws/install/cleaning_robot_description/share/cleaning_robot_description/package.sh'
[1.349s] INFO:colcon.colcon_core.shell:Creating package script '/home/yys/cleaning_robot_ws/install/cleaning_robot_description/share/cleaning_robot_description/package.bash'
[1.351s] INFO:colcon.colcon_core.shell:Creating package script '/home/yys/cleaning_robot_ws/install/cleaning_robot_description/share/cleaning_robot_description/package.zsh'
[1.352s] Level 1:colcon.colcon_core.environment:create_file_with_runtime_dependencies(/home/yys/cleaning_robot_ws/install/cleaning_robot_description/share/colcon-core/packages/cleaning_robot_description)
[3.199s] DEBUG:colcon.colcon_parallel_executor.executor.parallel:closing loop
[3.200s] DEBUG:colcon.colcon_parallel_executor.executor.parallel:loop closed
[3.200s] DEBUG:colcon.colcon_parallel_executor.executor.parallel:run_until_complete finished with '1'
[3.200s] DEBUG:colcon.colcon_core.event_reactor:joining thread
[3.295s] INFO:colcon.colcon_core.plugin_system:Skipping extension 'colcon_notification.desktop_notification.notify_send': Could not find 'notify-send'
[3.295s] INFO:colcon.colcon_core.plugin_system:Skipping extension 'colcon_notification.desktop_notification.terminal_notifier': Not used on non-Darwin systems
[3.296s] INFO:colcon.colcon_core.plugin_system:Skipping extension 'colcon_notification.desktop_notification.win32': Not used on non-Windows systems
[3.296s] INFO:colcon.colcon_notification.desktop_notification:Sending desktop notification using 'notify2'
[3.296s] DEBUG:colcon.colcon_notification.desktop_notification.notify2:Failed to initialize notify2: org.freedesktop.DBus.Error.FileNotFound: Failed to connect to socket /run/user/1000/bus: No such file or directory
[3.296s] DEBUG:colcon.colcon_core.event_reactor:joined thread
[3.296s] INFO:colcon.colcon_core.shell:Creating prefix script '/home/yys/cleaning_robot_ws/install/local_setup.ps1'
[3.299s] INFO:colcon.colcon_core.shell:Creating prefix util module '/home/yys/cleaning_robot_ws/install/_local_setup_util_ps1.py'
[3.301s] INFO:colcon.colcon_core.shell:Creating prefix chain script '/home/yys/cleaning_robot_ws/install/setup.ps1'
[3.302s] INFO:colcon.colcon_core.shell:Creating prefix script '/home/yys/cleaning_robot_ws/install/local_setup.sh'
[3.303s] INFO:colcon.colcon_core.shell:Creating prefix util module '/home/yys/cleaning_robot_ws/install/_local_setup_util_sh.py'
[3.305s] INFO:colcon.colcon_core.shell:Creating prefix chain script '/home/yys/cleaning_robot_ws/install/setup.sh'
[3.307s] INFO:colcon.colcon_core.shell:Creating prefix script '/home/yys/cleaning_robot_ws/install/local_setup.bash'
[3.308s] INFO:colcon.colcon_core.shell:Creating prefix chain script '/home/yys/cleaning_robot_ws/install/setup.bash'
[3.317s] INFO:colcon.colcon_core.shell:Creating prefix script '/home/yys/cleaning_robot_ws/install/local_setup.zsh'
[3.319s] INFO:colcon.colcon_core.shell:Creating prefix chain script '/home/yys/cleaning_robot_ws/install/setup.zsh'
