[4.025s] Invoking command in '/home/yys/cleaning_robot_ws/src/cleaning_robot_perception': PYTHONPATH=/home/yys/cleaning_robot_ws/src/build/cleaning_robot_perception/prefix_override:/usr/lib/python3/dist-packages/colcon_core/task/python/colcon_distutils_commands:/home/yys/cleaning_robot_ws/src/install/cleaning_robot_perception/lib/python3.10/site-packages:${PYTHONPATH} /usr/bin/python3 -W ignore:setup.py install is deprecated -W ignore:easy_install command is deprecated setup.py egg_info --egg-base ../build/cleaning_robot_perception build --build-base /home/yys/cleaning_robot_ws/src/build/cleaning_robot_perception/build install --record /home/yys/cleaning_robot_ws/src/build/cleaning_robot_perception/install.log --single-version-externally-managed install_data
[4.795s] running egg_info
[4.795s] creating ../build/cleaning_robot_perception/cleaning_robot_perception.egg-info
[4.811s] writing ../build/cleaning_robot_perception/cleaning_robot_perception.egg-info/PKG-INFO
[4.811s] writing dependency_links to ../build/cleaning_robot_perception/cleaning_robot_perception.egg-info/dependency_links.txt
[4.811s] writing entry points to ../build/cleaning_robot_perception/cleaning_robot_perception.egg-info/entry_points.txt
[4.812s] writing requirements to ../build/cleaning_robot_perception/cleaning_robot_perception.egg-info/requires.txt
[4.812s] writing top-level names to ../build/cleaning_robot_perception/cleaning_robot_perception.egg-info/top_level.txt
[4.812s] writing manifest file '../build/cleaning_robot_perception/cleaning_robot_perception.egg-info/SOURCES.txt'
[4.825s] reading manifest file '../build/cleaning_robot_perception/cleaning_robot_perception.egg-info/SOURCES.txt'
[4.837s] writing manifest file '../build/cleaning_robot_perception/cleaning_robot_perception.egg-info/SOURCES.txt'
[4.837s] running build
[4.838s] running build_py
[4.838s] creating /home/yys/cleaning_robot_ws/src/build/cleaning_robot_perception/build
[4.838s] creating /home/yys/cleaning_robot_ws/src/build/cleaning_robot_perception/build/lib
[4.838s] creating /home/yys/cleaning_robot_ws/src/build/cleaning_robot_perception/build/lib/cleaning_robot_perception
[4.838s] copying cleaning_robot_perception/stereo_processor.py -> /home/yys/cleaning_robot_ws/src/build/cleaning_robot_perception/build/lib/cleaning_robot_perception
[4.838s] copying cleaning_robot_perception/__init__.py -> /home/yys/cleaning_robot_ws/src/build/cleaning_robot_perception/build/lib/cleaning_robot_perception
[4.838s] running install
[4.839s] running install_lib
[4.841s] creating /home/yys/cleaning_robot_ws/src/install/cleaning_robot_perception/lib/python3.10/site-packages/cleaning_robot_perception
[4.841s] copying /home/yys/cleaning_robot_ws/src/build/cleaning_robot_perception/build/lib/cleaning_robot_perception/stereo_processor.py -> /home/yys/cleaning_robot_ws/src/install/cleaning_robot_perception/lib/python3.10/site-packages/cleaning_robot_perception
[4.841s] copying /home/yys/cleaning_robot_ws/src/build/cleaning_robot_perception/build/lib/cleaning_robot_perception/__init__.py -> /home/yys/cleaning_robot_ws/src/install/cleaning_robot_perception/lib/python3.10/site-packages/cleaning_robot_perception
[4.842s] byte-compiling /home/yys/cleaning_robot_ws/src/install/cleaning_robot_perception/lib/python3.10/site-packages/cleaning_robot_perception/stereo_processor.py to stereo_processor.cpython-310.pyc
[4.842s] byte-compiling /home/yys/cleaning_robot_ws/src/install/cleaning_robot_perception/lib/python3.10/site-packages/cleaning_robot_perception/__init__.py to __init__.cpython-310.pyc
[4.842s] running install_data
[4.843s] creating /home/yys/cleaning_robot_ws/src/install/cleaning_robot_perception/share/ament_index
[4.843s] creating /home/yys/cleaning_robot_ws/src/install/cleaning_robot_perception/share/ament_index/resource_index
[4.844s] creating /home/yys/cleaning_robot_ws/src/install/cleaning_robot_perception/share/ament_index/resource_index/packages
[4.844s] copying resource/cleaning_robot_perception -> /home/yys/cleaning_robot_ws/src/install/cleaning_robot_perception/share/ament_index/resource_index/packages
[4.844s] copying package.xml -> /home/yys/cleaning_robot_ws/src/install/cleaning_robot_perception/share/cleaning_robot_perception
[4.844s] running install_egg_info
[4.849s] Copying ../build/cleaning_robot_perception/cleaning_robot_perception.egg-info to /home/yys/cleaning_robot_ws/src/install/cleaning_robot_perception/lib/python3.10/site-packages/cleaning_robot_perception-0.0.0-py3.10.egg-info
[4.852s] running install_scripts
[4.912s] Installing stereo_processor script to /home/yys/cleaning_robot_ws/src/install/cleaning_robot_perception/lib/cleaning_robot_perception
[4.914s] writing list of installed files to '/home/yys/cleaning_robot_ws/src/build/cleaning_robot_perception/install.log'
[5.035s] Invoked command in '/home/yys/cleaning_robot_ws/src/cleaning_robot_perception' returned '0': PYTHONPATH=/home/yys/cleaning_robot_ws/src/build/cleaning_robot_perception/prefix_override:/usr/lib/python3/dist-packages/colcon_core/task/python/colcon_distutils_commands:/home/yys/cleaning_robot_ws/src/install/cleaning_robot_perception/lib/python3.10/site-packages:${PYTHONPATH} /usr/bin/python3 -W ignore:setup.py install is deprecated -W ignore:easy_install command is deprecated setup.py egg_info --egg-base ../build/cleaning_robot_perception build --build-base /home/yys/cleaning_robot_ws/src/build/cleaning_robot_perception/build install --record /home/yys/cleaning_robot_ws/src/build/cleaning_robot_perception/install.log --single-version-externally-managed install_data
