[4.102s] Invoking command in '/home/yys/cleaning_robot_ws/src/cleaning_robot_control': PYTHONPATH=/home/yys/cleaning_robot_ws/src/build/cleaning_robot_control/prefix_override:/usr/lib/python3/dist-packages/colcon_core/task/python/colcon_distutils_commands:/home/yys/cleaning_robot_ws/src/install/cleaning_robot_control/lib/python3.10/site-packages:${PYTHONPATH} /usr/bin/python3 -W ignore:setup.py install is deprecated -W ignore:easy_install command is deprecated setup.py egg_info --egg-base ../build/cleaning_robot_control build --build-base /home/yys/cleaning_robot_ws/src/build/cleaning_robot_control/build install --record /home/yys/cleaning_robot_ws/src/build/cleaning_robot_control/install.log --single-version-externally-managed install_data
[4.810s] running egg_info
[4.811s] creating ../build/cleaning_robot_control/cleaning_robot_control.egg-info
[4.813s] writing ../build/cleaning_robot_control/cleaning_robot_control.egg-info/PKG-INFO
[4.813s] writing dependency_links to ../build/cleaning_robot_control/cleaning_robot_control.egg-info/dependency_links.txt
[4.814s] writing entry points to ../build/cleaning_robot_control/cleaning_robot_control.egg-info/entry_points.txt
[4.814s] writing requirements to ../build/cleaning_robot_control/cleaning_robot_control.egg-info/requires.txt
[4.815s] writing top-level names to ../build/cleaning_robot_control/cleaning_robot_control.egg-info/top_level.txt
[4.815s] writing manifest file '../build/cleaning_robot_control/cleaning_robot_control.egg-info/SOURCES.txt'
[4.820s] reading manifest file '../build/cleaning_robot_control/cleaning_robot_control.egg-info/SOURCES.txt'
[4.830s] writing manifest file '../build/cleaning_robot_control/cleaning_robot_control.egg-info/SOURCES.txt'
[4.830s] running build
[4.831s] running build_py
[4.832s] creating /home/yys/cleaning_robot_ws/src/build/cleaning_robot_control/build
[4.832s] creating /home/yys/cleaning_robot_ws/src/build/cleaning_robot_control/build/lib
[4.832s] creating /home/yys/cleaning_robot_ws/src/build/cleaning_robot_control/build/lib/cleaning_robot_control
[4.833s] copying cleaning_robot_control/cleaning_controller.py -> /home/yys/cleaning_robot_ws/src/build/cleaning_robot_control/build/lib/cleaning_robot_control
[4.833s] copying cleaning_robot_control/__init__.py -> /home/yys/cleaning_robot_ws/src/build/cleaning_robot_control/build/lib/cleaning_robot_control
[4.833s] running install
[4.834s] running install_lib
[4.837s] creating /home/yys/cleaning_robot_ws/src/install/cleaning_robot_control/lib/python3.10/site-packages/cleaning_robot_control
[4.840s] copying /home/yys/cleaning_robot_ws/src/build/cleaning_robot_control/build/lib/cleaning_robot_control/cleaning_controller.py -> /home/yys/cleaning_robot_ws/src/install/cleaning_robot_control/lib/python3.10/site-packages/cleaning_robot_control
[4.848s] copying /home/yys/cleaning_robot_ws/src/build/cleaning_robot_control/build/lib/cleaning_robot_control/__init__.py -> /home/yys/cleaning_robot_ws/src/install/cleaning_robot_control/lib/python3.10/site-packages/cleaning_robot_control
[4.852s] byte-compiling /home/yys/cleaning_robot_ws/src/install/cleaning_robot_control/lib/python3.10/site-packages/cleaning_robot_control/cleaning_controller.py to cleaning_controller.cpython-310.pyc
[4.865s] byte-compiling /home/yys/cleaning_robot_ws/src/install/cleaning_robot_control/lib/python3.10/site-packages/cleaning_robot_control/__init__.py to __init__.cpython-310.pyc
[4.866s] running install_data
[4.867s] creating /home/yys/cleaning_robot_ws/src/install/cleaning_robot_control/share/ament_index
[4.867s] creating /home/yys/cleaning_robot_ws/src/install/cleaning_robot_control/share/ament_index/resource_index
[4.867s] creating /home/yys/cleaning_robot_ws/src/install/cleaning_robot_control/share/ament_index/resource_index/packages
[4.893s] copying resource/cleaning_robot_control -> /home/yys/cleaning_robot_ws/src/install/cleaning_robot_control/share/ament_index/resource_index/packages
[4.895s] copying package.xml -> /home/yys/cleaning_robot_ws/src/install/cleaning_robot_control/share/cleaning_robot_control
[4.895s] running install_egg_info
[4.896s] Copying ../build/cleaning_robot_control/cleaning_robot_control.egg-info to /home/yys/cleaning_robot_ws/src/install/cleaning_robot_control/lib/python3.10/site-packages/cleaning_robot_control-0.0.0-py3.10.egg-info
[4.896s] running install_scripts
[4.942s] Installing cleaning_controller script to /home/yys/cleaning_robot_ws/src/install/cleaning_robot_control/lib/cleaning_robot_control
[4.945s] writing list of installed files to '/home/yys/cleaning_robot_ws/src/build/cleaning_robot_control/install.log'
[5.002s] Invoked command in '/home/yys/cleaning_robot_ws/src/cleaning_robot_control' returned '0': PYTHONPATH=/home/yys/cleaning_robot_ws/src/build/cleaning_robot_control/prefix_override:/usr/lib/python3/dist-packages/colcon_core/task/python/colcon_distutils_commands:/home/yys/cleaning_robot_ws/src/install/cleaning_robot_control/lib/python3.10/site-packages:${PYTHONPATH} /usr/bin/python3 -W ignore:setup.py install is deprecated -W ignore:easy_install command is deprecated setup.py egg_info --egg-base ../build/cleaning_robot_control build --build-base /home/yys/cleaning_robot_ws/src/build/cleaning_robot_control/build install --record /home/yys/cleaning_robot_ws/src/build/cleaning_robot_control/install.log --single-version-externally-managed install_data
