running egg_info
creating ../../build/cleaning_robot_control/cleaning_robot_control.egg-info
writing ../../build/cleaning_robot_control/cleaning_robot_control.egg-info/PKG-INFO
writing dependency_links to ../../build/cleaning_robot_control/cleaning_robot_control.egg-info/dependency_links.txt
writing entry points to ../../build/cleaning_robot_control/cleaning_robot_control.egg-info/entry_points.txt
writing requirements to ../../build/cleaning_robot_control/cleaning_robot_control.egg-info/requires.txt
writing top-level names to ../../build/cleaning_robot_control/cleaning_robot_control.egg-info/top_level.txt
writing manifest file '../../build/cleaning_robot_control/cleaning_robot_control.egg-info/SOURCES.txt'
reading manifest file '../../build/cleaning_robot_control/cleaning_robot_control.egg-info/SOURCES.txt'
writing manifest file '../../build/cleaning_robot_control/cleaning_robot_control.egg-info/SOURCES.txt'
running build
running build_py
creating /home/yys/cleaning_robot_ws/build/cleaning_robot_control/build
creating /home/yys/cleaning_robot_ws/build/cleaning_robot_control/build/lib
creating /home/yys/cleaning_robot_ws/build/cleaning_robot_control/build/lib/cleaning_robot_control
copying cleaning_robot_control/cleaning_controller.py -> /home/yys/cleaning_robot_ws/build/cleaning_robot_control/build/lib/cleaning_robot_control
copying cleaning_robot_control/__init__.py -> /home/yys/cleaning_robot_ws/build/cleaning_robot_control/build/lib/cleaning_robot_control
running install
running install_lib
creating /home/yys/cleaning_robot_ws/install/cleaning_robot_control/lib/python3.10/site-packages/cleaning_robot_control
copying /home/yys/cleaning_robot_ws/build/cleaning_robot_control/build/lib/cleaning_robot_control/cleaning_controller.py -> /home/yys/cleaning_robot_ws/install/cleaning_robot_control/lib/python3.10/site-packages/cleaning_robot_control
copying /home/yys/cleaning_robot_ws/build/cleaning_robot_control/build/lib/cleaning_robot_control/__init__.py -> /home/yys/cleaning_robot_ws/install/cleaning_robot_control/lib/python3.10/site-packages/cleaning_robot_control
byte-compiling /home/yys/cleaning_robot_ws/install/cleaning_robot_control/lib/python3.10/site-packages/cleaning_robot_control/cleaning_controller.py to cleaning_controller.cpython-310.pyc
byte-compiling /home/yys/cleaning_robot_ws/install/cleaning_robot_control/lib/python3.10/site-packages/cleaning_robot_control/__init__.py to __init__.cpython-310.pyc
running install_data
creating /home/yys/cleaning_robot_ws/install/cleaning_robot_control/share/ament_index
creating /home/yys/cleaning_robot_ws/install/cleaning_robot_control/share/ament_index/resource_index
creating /home/yys/cleaning_robot_ws/install/cleaning_robot_control/share/ament_index/resource_index/packages
copying resource/cleaning_robot_control -> /home/yys/cleaning_robot_ws/install/cleaning_robot_control/share/ament_index/resource_index/packages
copying package.xml -> /home/yys/cleaning_robot_ws/install/cleaning_robot_control/share/cleaning_robot_control
running install_egg_info
Copying ../../build/cleaning_robot_control/cleaning_robot_control.egg-info to /home/yys/cleaning_robot_ws/install/cleaning_robot_control/lib/python3.10/site-packages/cleaning_robot_control-0.0.0-py3.10.egg-info
running install_scripts
Installing cleaning_controller script to /home/yys/cleaning_robot_ws/install/cleaning_robot_control/lib/cleaning_robot_control
writing list of installed files to '/home/yys/cleaning_robot_ws/build/cleaning_robot_control/install.log'
