[4.139s] Invoking command in '/home/yys/cleaning_robot_ws/src/cleaning_robot_control': PYTHONPATH=/home/yys/cleaning_robot_ws/build/cleaning_robot_control/prefix_override:/usr/lib/python3/dist-packages/colcon_core/task/python/colcon_distutils_commands:/home/yys/cleaning_robot_ws/install/cleaning_robot_control/lib/python3.10/site-packages:${PYTHONPATH} /usr/bin/python3 -W ignore:setup.py install is deprecated -W ignore:easy_install command is deprecated setup.py egg_info --egg-base ../../build/cleaning_robot_control build --build-base /home/yys/cleaning_robot_ws/build/cleaning_robot_control/build install --record /home/yys/cleaning_robot_ws/build/cleaning_robot_control/install.log --single-version-externally-managed install_data
[4.707s] running egg_info
[4.709s] creating ../../build/cleaning_robot_control/cleaning_robot_control.egg-info
[4.710s] writing ../../build/cleaning_robot_control/cleaning_robot_control.egg-info/PKG-INFO
[4.711s] writing dependency_links to ../../build/cleaning_robot_control/cleaning_robot_control.egg-info/dependency_links.txt
[4.712s] writing entry points to ../../build/cleaning_robot_control/cleaning_robot_control.egg-info/entry_points.txt
[4.713s] writing requirements to ../../build/cleaning_robot_control/cleaning_robot_control.egg-info/requires.txt
[4.713s] writing top-level names to ../../build/cleaning_robot_control/cleaning_robot_control.egg-info/top_level.txt
[4.715s] writing manifest file '../../build/cleaning_robot_control/cleaning_robot_control.egg-info/SOURCES.txt'
[4.717s] reading manifest file '../../build/cleaning_robot_control/cleaning_robot_control.egg-info/SOURCES.txt'
[4.721s] writing manifest file '../../build/cleaning_robot_control/cleaning_robot_control.egg-info/SOURCES.txt'
[4.721s] running build
[4.722s] running build_py
[4.723s] creating /home/yys/cleaning_robot_ws/build/cleaning_robot_control/build
[4.725s] creating /home/yys/cleaning_robot_ws/build/cleaning_robot_control/build/lib
[4.725s] creating /home/yys/cleaning_robot_ws/build/cleaning_robot_control/build/lib/cleaning_robot_control
[4.725s] copying cleaning_robot_control/cleaning_controller.py -> /home/yys/cleaning_robot_ws/build/cleaning_robot_control/build/lib/cleaning_robot_control
[4.726s] copying cleaning_robot_control/__init__.py -> /home/yys/cleaning_robot_ws/build/cleaning_robot_control/build/lib/cleaning_robot_control
[4.729s] running install
[4.729s] running install_lib
[4.729s] creating /home/yys/cleaning_robot_ws/install/cleaning_robot_control/lib/python3.10/site-packages/cleaning_robot_control
[4.730s] copying /home/yys/cleaning_robot_ws/build/cleaning_robot_control/build/lib/cleaning_robot_control/cleaning_controller.py -> /home/yys/cleaning_robot_ws/install/cleaning_robot_control/lib/python3.10/site-packages/cleaning_robot_control
[4.730s] copying /home/yys/cleaning_robot_ws/build/cleaning_robot_control/build/lib/cleaning_robot_control/__init__.py -> /home/yys/cleaning_robot_ws/install/cleaning_robot_control/lib/python3.10/site-packages/cleaning_robot_control
[4.731s] byte-compiling /home/yys/cleaning_robot_ws/install/cleaning_robot_control/lib/python3.10/site-packages/cleaning_robot_control/cleaning_controller.py to cleaning_controller.cpython-310.pyc
[4.735s] byte-compiling /home/yys/cleaning_robot_ws/install/cleaning_robot_control/lib/python3.10/site-packages/cleaning_robot_control/__init__.py to __init__.cpython-310.pyc
[4.735s] running install_data
[4.736s] creating /home/yys/cleaning_robot_ws/install/cleaning_robot_control/share/ament_index
[4.739s] creating /home/yys/cleaning_robot_ws/install/cleaning_robot_control/share/ament_index/resource_index
[4.740s] creating /home/yys/cleaning_robot_ws/install/cleaning_robot_control/share/ament_index/resource_index/packages
[4.740s] copying resource/cleaning_robot_control -> /home/yys/cleaning_robot_ws/install/cleaning_robot_control/share/ament_index/resource_index/packages
[4.740s] copying package.xml -> /home/yys/cleaning_robot_ws/install/cleaning_robot_control/share/cleaning_robot_control
[4.740s] running install_egg_info
[4.744s] Copying ../../build/cleaning_robot_control/cleaning_robot_control.egg-info to /home/yys/cleaning_robot_ws/install/cleaning_robot_control/lib/python3.10/site-packages/cleaning_robot_control-0.0.0-py3.10.egg-info
[4.748s] running install_scripts
[4.808s] Installing cleaning_controller script to /home/yys/cleaning_robot_ws/install/cleaning_robot_control/lib/cleaning_robot_control
[4.809s] writing list of installed files to '/home/yys/cleaning_robot_ws/build/cleaning_robot_control/install.log'
[4.868s] Invoked command in '/home/yys/cleaning_robot_ws/src/cleaning_robot_control' returned '0': PYTHONPATH=/home/yys/cleaning_robot_ws/build/cleaning_robot_control/prefix_override:/usr/lib/python3/dist-packages/colcon_core/task/python/colcon_distutils_commands:/home/yys/cleaning_robot_ws/install/cleaning_robot_control/lib/python3.10/site-packages:${PYTHONPATH} /usr/bin/python3 -W ignore:setup.py install is deprecated -W ignore:easy_install command is deprecated setup.py egg_info --egg-base ../../build/cleaning_robot_control build --build-base /home/yys/cleaning_robot_ws/build/cleaning_robot_control/build install --record /home/yys/cleaning_robot_ws/build/cleaning_robot_control/install.log --single-version-externally-managed install_data
