running egg_info
creating ../../build/cleaning_robot_slam/cleaning_robot_slam.egg-info
writing ../../build/cleaning_robot_slam/cleaning_robot_slam.egg-info/PKG-INFO
writing dependency_links to ../../build/cleaning_robot_slam/cleaning_robot_slam.egg-info/dependency_links.txt
writing entry points to ../../build/cleaning_robot_slam/cleaning_robot_slam.egg-info/entry_points.txt
writing requirements to ../../build/cleaning_robot_slam/cleaning_robot_slam.egg-info/requires.txt
writing top-level names to ../../build/cleaning_robot_slam/cleaning_robot_slam.egg-info/top_level.txt
writing manifest file '../../build/cleaning_robot_slam/cleaning_robot_slam.egg-info/SOURCES.txt'
reading manifest file '../../build/cleaning_robot_slam/cleaning_robot_slam.egg-info/SOURCES.txt'
writing manifest file '../../build/cleaning_robot_slam/cleaning_robot_slam.egg-info/SOURCES.txt'
running build
running build_py
creating /home/yys/cleaning_robot_ws/build/cleaning_robot_slam/build
creating /home/yys/cleaning_robot_ws/build/cleaning_robot_slam/build/lib
creating /home/yys/cleaning_robot_ws/build/cleaning_robot_slam/build/lib/cleaning_robot_slam
copying cleaning_robot_slam/multi_sensor_slam.py -> /home/yys/cleaning_robot_ws/build/cleaning_robot_slam/build/lib/cleaning_robot_slam
copying cleaning_robot_slam/__init__.py -> /home/yys/cleaning_robot_ws/build/cleaning_robot_slam/build/lib/cleaning_robot_slam
running install
running install_lib
creating /home/yys/cleaning_robot_ws/install/cleaning_robot_slam/lib/python3.10/site-packages/cleaning_robot_slam
copying /home/yys/cleaning_robot_ws/build/cleaning_robot_slam/build/lib/cleaning_robot_slam/multi_sensor_slam.py -> /home/yys/cleaning_robot_ws/install/cleaning_robot_slam/lib/python3.10/site-packages/cleaning_robot_slam
copying /home/yys/cleaning_robot_ws/build/cleaning_robot_slam/build/lib/cleaning_robot_slam/__init__.py -> /home/yys/cleaning_robot_ws/install/cleaning_robot_slam/lib/python3.10/site-packages/cleaning_robot_slam
byte-compiling /home/yys/cleaning_robot_ws/install/cleaning_robot_slam/lib/python3.10/site-packages/cleaning_robot_slam/multi_sensor_slam.py to multi_sensor_slam.cpython-310.pyc
byte-compiling /home/yys/cleaning_robot_ws/install/cleaning_robot_slam/lib/python3.10/site-packages/cleaning_robot_slam/__init__.py to __init__.cpython-310.pyc
running install_data
creating /home/yys/cleaning_robot_ws/install/cleaning_robot_slam/share/ament_index
creating /home/yys/cleaning_robot_ws/install/cleaning_robot_slam/share/ament_index/resource_index
creating /home/yys/cleaning_robot_ws/install/cleaning_robot_slam/share/ament_index/resource_index/packages
copying resource/cleaning_robot_slam -> /home/yys/cleaning_robot_ws/install/cleaning_robot_slam/share/ament_index/resource_index/packages
copying package.xml -> /home/yys/cleaning_robot_ws/install/cleaning_robot_slam/share/cleaning_robot_slam
running install_egg_info
Copying ../../build/cleaning_robot_slam/cleaning_robot_slam.egg-info to /home/yys/cleaning_robot_ws/install/cleaning_robot_slam/lib/python3.10/site-packages/cleaning_robot_slam-0.0.0-py3.10.egg-info
running install_scripts
Installing multi_sensor_slam script to /home/yys/cleaning_robot_ws/install/cleaning_robot_slam/lib/cleaning_robot_slam
writing list of installed files to '/home/yys/cleaning_robot_ws/build/cleaning_robot_slam/install.log'
