[0.011s] Invoking command in '/home/yys/cleaning_robot_ws/build/cleaning_robot_description': CMAKE_PREFIX_PATH=${CMAKE_PREFIX_PATH}:/home/yys/cleaning_robot_ws/install/cleaning_robot_slam:/home/yys/cleaning_robot_ws/install/cleaning_robot_perception:/home/yys/cleaning_robot_ws/install/cleaning_robot_navigation:/home/yys/cleaning_robot_ws/install/cleaning_robot_control:/opt/ros/humble /usr/bin/cmake /home/yys/cleaning_robot_ws/src/cleaning_robot_description -DCMAKE_INSTALL_PREFIX=/home/yys/cleaning_robot_ws/install/cleaning_robot_description
[0.056s] -- Found ament_cmake: 1.3.11 (/opt/ros/humble/share/ament_cmake/cmake)
[0.154s] -- Override CMake install command with custom implementation using symlinks instead of copying resources
[0.172s] -- Found ament_lint_auto: 0.12.12 (/opt/ros/humble/share/ament_lint_auto/cmake)
[0.229s] -- Added test 'copyright' to check source files copyright and LICENSE
[0.231s] -- Added test 'flake8' to check Python code syntax and style conventions
[0.232s] -- Added test 'lint_cmake' to check CMake code style
[0.232s] -- Added test 'pep257' to check Python code against some of the docstring style conventions in PEP 257
[0.233s] -- Added test 'xmllint' to check XML markup files
[0.236s] -- Configuring done
[0.242s] -- Generating done
[0.243s] -- Build files have been written to: /home/yys/cleaning_robot_ws/build/cleaning_robot_description
[0.246s] Invoked command in '/home/yys/cleaning_robot_ws/build/cleaning_robot_description' returned '0': CMAKE_PREFIX_PATH=${CMAKE_PREFIX_PATH}:/home/yys/cleaning_robot_ws/install/cleaning_robot_slam:/home/yys/cleaning_robot_ws/install/cleaning_robot_perception:/home/yys/cleaning_robot_ws/install/cleaning_robot_navigation:/home/yys/cleaning_robot_ws/install/cleaning_robot_control:/opt/ros/humble /usr/bin/cmake /home/yys/cleaning_robot_ws/src/cleaning_robot_description -DCMAKE_INSTALL_PREFIX=/home/yys/cleaning_robot_ws/install/cleaning_robot_description
[0.248s] Invoking command in '/home/yys/cleaning_robot_ws/build/cleaning_robot_description': CMAKE_PREFIX_PATH=${CMAKE_PREFIX_PATH}:/home/yys/cleaning_robot_ws/install/cleaning_robot_slam:/home/yys/cleaning_robot_ws/install/cleaning_robot_perception:/home/yys/cleaning_robot_ws/install/cleaning_robot_navigation:/home/yys/cleaning_robot_ws/install/cleaning_robot_control:/opt/ros/humble /usr/bin/cmake --build /home/yys/cleaning_robot_ws/build/cleaning_robot_description -- -j16 -l16
[0.273s] Invoked command in '/home/yys/cleaning_robot_ws/build/cleaning_robot_description' returned '0': CMAKE_PREFIX_PATH=${CMAKE_PREFIX_PATH}:/home/yys/cleaning_robot_ws/install/cleaning_robot_slam:/home/yys/cleaning_robot_ws/install/cleaning_robot_perception:/home/yys/cleaning_robot_ws/install/cleaning_robot_navigation:/home/yys/cleaning_robot_ws/install/cleaning_robot_control:/opt/ros/humble /usr/bin/cmake --build /home/yys/cleaning_robot_ws/build/cleaning_robot_description -- -j16 -l16
[0.280s] Invoking command in '/home/yys/cleaning_robot_ws/build/cleaning_robot_description': CMAKE_PREFIX_PATH=${CMAKE_PREFIX_PATH}:/home/yys/cleaning_robot_ws/install/cleaning_robot_slam:/home/yys/cleaning_robot_ws/install/cleaning_robot_perception:/home/yys/cleaning_robot_ws/install/cleaning_robot_navigation:/home/yys/cleaning_robot_ws/install/cleaning_robot_control:/opt/ros/humble /usr/bin/cmake --install /home/yys/cleaning_robot_ws/build/cleaning_robot_description
[0.284s] -- Install configuration: ""
[0.284s] -- Execute custom install script
[0.284s] -- Symlinking: /home/yys/cleaning_robot_ws/install/cleaning_robot_description/share/cleaning_robot_description//launch/cleaning_robot_complete.launch.py
[0.290s] -- Symlinking: /home/yys/cleaning_robot_ws/install/cleaning_robot_description/share/cleaning_robot_description//launch/cleaning_robot_with_lslidar.launch.py
[0.296s] -- Symlinking: /home/yys/cleaning_robot_ws/install/cleaning_robot_description/share/cleaning_robot_description//launch/gazebo.launch.py
[0.301s] -- Symlinking: /home/yys/cleaning_robot_ws/install/cleaning_robot_description/share/cleaning_robot_description//launch/robot_state_publisher.launch.py
[0.307s] -- Symlinking: /home/yys/cleaning_robot_ws/install/cleaning_robot_description/share/cleaning_robot_description//urdf/cleaning_robot.urdf.xacro
[0.313s] -- Symlinking: /home/yys/cleaning_robot_ws/install/cleaning_robot_description/share/cleaning_robot_description//config/cleaning_robot.rviz
[0.319s] -- Symlinking: /home/yys/cleaning_robot_ws/install/cleaning_robot_description/share/ament_index/resource_index/package_run_dependencies/cleaning_robot_description
[0.325s] -- Symlinking: /home/yys/cleaning_robot_ws/install/cleaning_robot_description/share/ament_index/resource_index/parent_prefix_path/cleaning_robot_description
[0.331s] -- Symlinking: /home/yys/cleaning_robot_ws/install/cleaning_robot_description/share/cleaning_robot_description/environment/ament_prefix_path.sh
[0.338s] -- Symlinking: /home/yys/cleaning_robot_ws/install/cleaning_robot_description/share/cleaning_robot_description/environment/ament_prefix_path.dsv
[0.344s] -- Symlinking: /home/yys/cleaning_robot_ws/install/cleaning_robot_description/share/cleaning_robot_description/environment/path.sh
[0.349s] -- Symlinking: /home/yys/cleaning_robot_ws/install/cleaning_robot_description/share/cleaning_robot_description/environment/path.dsv
[0.355s] -- Symlinking: /home/yys/cleaning_robot_ws/install/cleaning_robot_description/share/cleaning_robot_description/local_setup.bash
[0.361s] -- Symlinking: /home/yys/cleaning_robot_ws/install/cleaning_robot_description/share/cleaning_robot_description/local_setup.sh
[0.367s] -- Symlinking: /home/yys/cleaning_robot_ws/install/cleaning_robot_description/share/cleaning_robot_description/local_setup.zsh
[0.373s] -- Symlinking: /home/yys/cleaning_robot_ws/install/cleaning_robot_description/share/cleaning_robot_description/local_setup.dsv
[0.379s] -- Symlinking: /home/yys/cleaning_robot_ws/install/cleaning_robot_description/share/cleaning_robot_description/package.dsv
[0.384s] -- Symlinking: /home/yys/cleaning_robot_ws/install/cleaning_robot_description/share/ament_index/resource_index/packages/cleaning_robot_description
[0.390s] -- Symlinking: /home/yys/cleaning_robot_ws/install/cleaning_robot_description/share/cleaning_robot_description/cmake/cleaning_robot_descriptionConfig.cmake
[0.395s] -- Symlinking: /home/yys/cleaning_robot_ws/install/cleaning_robot_description/share/cleaning_robot_description/cmake/cleaning_robot_descriptionConfig-version.cmake
[0.401s] -- Symlinking: /home/yys/cleaning_robot_ws/install/cleaning_robot_description/share/cleaning_robot_description/package.xml
[0.409s] Invoked command in '/home/yys/cleaning_robot_ws/build/cleaning_robot_description' returned '0': CMAKE_PREFIX_PATH=${CMAKE_PREFIX_PATH}:/home/yys/cleaning_robot_ws/install/cleaning_robot_slam:/home/yys/cleaning_robot_ws/install/cleaning_robot_perception:/home/yys/cleaning_robot_ws/install/cleaning_robot_navigation:/home/yys/cleaning_robot_ws/install/cleaning_robot_control:/opt/ros/humble /usr/bin/cmake --install /home/yys/cleaning_robot_ws/build/cleaning_robot_description
