[0.045s] Invoking command in '/home/yys/cleaning_robot_ws/build/lslidar_msgs': /usr/bin/cmake /home/yys/cleaning_robot_ws/src/lslidar_msgs -DAMENT_CMAKE_SYMLINK_INSTALL=1 -DCMAKE_INSTALL_PREFIX=/home/yys/cleaning_robot_ws/install/lslidar_msgs
[0.619s] -- The C compiler identification is GNU 11.4.0
[0.772s] -- The CXX compiler identification is GNU 11.4.0
[1.064s] -- Detecting C compiler ABI info
[1.193s] -- Detecting C compiler ABI info - done
[1.199s] -- Check for working C compiler: /usr/bin/cc - skipped
[1.201s] -- Detecting C compile features
[1.203s] -- Detecting C compile features - done
[1.207s] -- Detecting CXX compiler ABI info
[1.417s] -- Detecting CXX compiler ABI info - done
[1.424s] -- Check for working CXX compiler: /usr/bin/c++ - skipped
[1.425s] -- Detecting CXX compile features
[1.425s] -- Detecting CXX compile features - done
[2.644s] [31mCMake Error at CMakeLists.txt:19 (find_package):
[2.644s]   By not providing "Findament_cmake.cmake" in CMAKE_MODULE_PATH this project
[2.644s]   has asked CMake to find a package configuration file provided by
[2.644s]   "ament_cmake", but CMake did not find one.
[2.644s] 
[2.644s]   Could not find a package configuration file provided by "ament_cmake" with
[2.644s]   any of the following names:
[2.644s] 
[2.645s]     ament_cmakeConfig.cmake
[2.645s]     ament_cmake-config.cmake
[2.645s] 
[2.645s]   Add the installation prefix of "ament_cmake" to CMAKE_PREFIX_PATH or set
[2.645s]   "ament_cmake_DIR" to a directory containing one of the above files.  If
[2.645s]   "ament_cmake" provides a separate development package or SDK, be sure it
[2.645s]   has been installed.
[2.645s] 
[2.645s] [0m
[2.645s] -- Configuring incomplete, errors occurred!
[2.645s] See also "/home/yys/cleaning_robot_ws/build/lslidar_msgs/CMakeFiles/CMakeOutput.log".
